2025-11-04 22:56:30: Running tar_make
- The project is out-of-sync -- use `renv::status()` for details.
+ timestamp_VA_NA dispatched
+ timestamp_NY_NA dispatched
✔ timestamp_VA_NA completed [2s, 71 B]
+ data_VA_NA dispatched
✔ timestamp_NY_NA completed [1.8s, 71 B]
✔ data_VA_NA completed [14.1s, 670.18 kB]
+ model_votes_governor_25_dem_share_lm_conformal_ dispatched
+ model_votes_governor_25_rep_share_lm_conformal_ dispatched
+ model_votes_governor_25_dem_precinct_total_lm_conformal_ dispatched
+ model_votes_governor_25_rep_precinct_total_lm_conformal_ dispatched
✔ model_votes_governor_25_dem_share_lm_conformal_ completed [2.6s, 22.21 MB]
+ summary_votes_governor_25_dem_share_lm_conformal_ dispatched
✔ model_votes_governor_25_rep_share_lm_conformal_ completed [2.9s, 22.03 MB]
+ summary_votes_governor_25_rep_share_lm_conformal_ dispatched
✔ summary_votes_governor_25_dem_share_lm_conformal_ completed [3ms, 506 B]
+ model_votes_governor_25_rep_precinct_total_lm_conformal__1 dispatched
✔ summary_votes_governor_25_rep_share_lm_conformal_ completed [3ms, 507 B]
+ summary_VA_NA dispatched
✔ summary_VA_NA completed [359ms, 662 B]
+ model_votes_governor_25_dem_precinct_total_lm_conformal__1 dispatched
✔ model_votes_governor_25_dem_precinct_total_lm_conformal_ completed [2.9s, 21.30 MB]
+ summary_votes_governor_25_dem_precinct_total_lm_conformal_ dispatched
✔ model_votes_governor_25_rep_precinct_total_lm_conformal_ completed [3.1s, 21.09 MB]
+ summary_votes_governor_25_rep_precinct_total_lm_conformal_ dispatched
✔ summary_votes_governor_25_dem_precinct_total_lm_conformal_ completed [4ms, 511 B]
+ model_votes_governor_25_rep_share_lm_conformal__1 dispatched
✔ model_votes_governor_25_rep_precinct_total_lm_conformal__1 completed [2.8s, 33.46 MB]
+ summary_votes_governor_25_rep_precinct_total_lm_conformal__1 dispatched
✔ summary_votes_governor_25_rep_precinct_total_lm_conformal_ completed [3ms, 510 B]
+ tbl_cbs_VA_NA dispatched
✔ summary_votes_governor_25_rep_precinct_total_lm_conformal__1 completed [5ms, 612 B]
+ model_votes_governor_25_rep_precinct_total_lm_conformal__2 dispatched
✔ model_votes_governor_25_dem_precinct_total_lm_conformal__1 completed [2.8s, 33.69 MB]
+ summary_votes_governor_25_dem_precinct_total_lm_conformal__1 dispatched
✔ summary_votes_governor_25_dem_precinct_total_lm_conformal__1 completed [5ms, 605 B]
+ model_votes_governor_25_dem_precinct_total_lm_conformal__2 dispatched
✔ model_votes_governor_25_rep_precinct_total_lm_conformal__2 completed [2.5s, 22.40 MB]
+ summary_votes_governor_25_rep_precinct_total_lm_conformal__2 dispatched
✔ model_votes_governor_25_rep_share_lm_conformal__1 completed [2.8s, 34.32 MB]
+ summary_votes_governor_25_rep_share_lm_conformal__1 dispatched
✔ summary_votes_governor_25_rep_precinct_total_lm_conformal__2 completed [5ms, 517 B]
+ model_votes_governor_25_rep_share_lm_conformal__2 dispatched
✔ summary_votes_governor_25_rep_share_lm_conformal__1 completed [4ms, 607 B]
+ model_turnout_lm_conformal__1 dispatched
✔ model_votes_governor_25_dem_precinct_total_lm_conformal__2 completed [2.1s, 22.62 MB]
+ summary_votes_governor_25_dem_precinct_total_lm_conformal__2 dispatched
✔ summary_votes_governor_25_dem_precinct_total_lm_conformal__2 completed [3ms, 519 B]
+ model_turnout_lm_conformal__2 dispatched
✔ model_votes_governor_25_rep_share_lm_conformal__2 completed [2.5s, 23.22 MB]
+ summary_votes_governor_25_rep_share_lm_conformal__2 dispatched
✔ summary_votes_governor_25_rep_share_lm_conformal__2 completed [3ms, 513 B]
+ model_votes_governor_25_dem_share_lm_conformal__1 dispatched
✔ model_turnout_lm_conformal__2 completed [2.4s, 22.52 MB]
+ summary_turnout_lm_conformal__2 dispatched
✔ model_turnout_lm_conformal__1 completed [2.7s, 33.74 MB]
+ summary_turnout_lm_conformal__1 dispatched
✔ summary_turnout_lm_conformal__2 completed [4ms, 492 B]
+ model_votes_governor_25_dem_share_lm_conformal__2 dispatched
✔ summary_turnout_lm_conformal__1 completed [4ms, 587 B]
+ model_turnout_lm_conformal_ dispatched
✔ model_votes_governor_25_dem_share_lm_conformal__1 completed [2.3s, 34.49 MB]
+ summary_votes_governor_25_dem_share_lm_conformal__1 dispatched
✔ model_votes_governor_25_dem_share_lm_conformal__2 completed [2.5s, 23.39 MB]
+ summary_votes_governor_25_dem_share_lm_conformal__2 dispatched
✔ model_turnout_lm_conformal_ completed [2.2s, 21.40 MB]
+ summary_turnout_lm_conformal_ dispatched
✔ summary_votes_governor_25_dem_share_lm_conformal__1 completed [3ms, 602 B]
✔ summary_votes_governor_25_dem_share_lm_conformal__2 completed [3ms, 515 B]
✔ summary_turnout_lm_conformal_ completed [3ms, 484 B]
+ models_summary dispatched
✔ models_summary completed [1ms, 2.20 kB]
+ save_summaries dispatched
✔ save_summaries completed [2ms, 43 B]
+ dashboard dispatched
✔ tbl_cbs_VA_NA completed [16.9s, 185.46 kB]
✔ dashboard completed [23.5s, 16.65 MB]
+ upload dispatched
✔ upload completed [3.2s, 46 B]
✔ ended pipeline [1m 12.5s, 39 completed, 7 skipped]
