2025-11-04 19:30:43: Running tar_make
- The project is out-of-sync -- use `renv::status()` for details.
+ timestamp_VA_NA dispatched
+ timestamp_NY_NA dispatched
+ history_NY_NA dispatched
+ history_noimpute_NY_NA dispatched
✔ timestamp_NY_NA completed [2.1s, 50 B]
+ data_NY_NA dispatched
✖ data_NY_NA errored
Error: Can't rename columns that don't exist.
✖ Column `X` doesn't exist.

+ tbl_cbs_NY_NA dispatched
✖ history_NY_NA errored
Error: Can't select columns that don't exist.
✖ Column `white` doesn't exist.

+ summary_NY_NA dispatched
✖ tbl_cbs_NY_NA errored
Error: could not load dependency data_NY_NA of target tbl_cbs_NY_NA. invalid 'description' argument

✖ summary_NY_NA errored
Error: could not load dependency history_NY_NA of target summary_NY_NA. invalid 'description' argument

✖ history_noimpute_NY_NA errored
Error: Can't select columns that don't exist.
✖ Column `white` doesn't exist.

✔ timestamp_VA_NA completed [16.5s, 71 B]
+ data_VA_NA dispatched
✔ data_VA_NA completed [12.9s, 540.98 kB]
+ model_votes_governor_25_rep_share_lm_conformal_ dispatched
+ model_votes_governor_25_rep_precinct_total_lm_conformal_ dispatched
+ model_votes_governor_25_dem_precinct_total_lm_conformal_ dispatched
+ model_turnout_xgboost_conformal_ dispatched
✔ model_votes_governor_25_rep_share_lm_conformal_ completed [2.5s, 7.98 MB]
+ summary_votes_governor_25_rep_share_lm_conformal_ dispatched
✔ summary_votes_governor_25_rep_share_lm_conformal_ completed [4ms, 508 B]
+ model_turnout_lm_conformal__1 dispatched
✔ model_votes_governor_25_dem_precinct_total_lm_conformal_ completed [2.5s, 7.76 MB]
+ summary_votes_governor_25_dem_precinct_total_lm_conformal_ dispatched
✔ model_votes_governor_25_rep_precinct_total_lm_conformal_ completed [2.8s, 7.77 MB]
+ summary_votes_governor_25_rep_precinct_total_lm_conformal_ dispatched
✔ summary_votes_governor_25_rep_precinct_total_lm_conformal_ completed [4ms, 514 B]
+ model_turnout_xgboost_conformal__1 dispatched
✔ summary_votes_governor_25_dem_precinct_total_lm_conformal_ completed [4ms, 513 B]
+ model_turnout_lm_conformal__2 dispatched
✔ model_turnout_xgboost_conformal_ completed [3.3s, 8.53 MB]
+ summary_turnout_xgboost_conformal_ dispatched
✔ summary_turnout_xgboost_conformal_ completed [4ms, 491 B]
+ model_turnout_xgboost_conformal__2 dispatched
✔ model_turnout_lm_conformal__1 completed [2.5s, 8.66 MB]
+ summary_turnout_lm_conformal__1 dispatched
✔ model_turnout_lm_conformal__2 completed [2.2s, 7.89 MB]
+ summary_turnout_lm_conformal__2 dispatched
✔ summary_turnout_lm_conformal__1 completed [3ms, 591 B]
+ model_votes_governor_25_dem_share_xgboost_conformal_ dispatched
✔ summary_turnout_lm_conformal__2 completed [4ms, 495 B]
+ model_votes_governor_25_dem_share_xgboost_conformal__1 dispatched
✔ model_turnout_xgboost_conformal__1 completed [3s, 8.84 MB]
+ summary_turnout_xgboost_conformal__1 dispatched
✔ summary_turnout_xgboost_conformal__1 completed [4ms, 594 B]
+ model_votes_governor_25_rep_precinct_total_xgboost_conformal_ dispatched
✔ model_turnout_xgboost_conformal__2 completed [2.9s, 8.56 MB]
+ summary_turnout_xgboost_conformal__2 dispatched
✔ summary_turnout_xgboost_conformal__2 completed [4ms, 499 B]
+ model_votes_governor_25_dem_share_xgboost_conformal__2 dispatched
✔ model_votes_governor_25_dem_share_xgboost_conformal_ completed [2.7s, 8.63 MB]
+ summary_votes_governor_25_dem_share_xgboost_conformal_ dispatched
✔ summary_votes_governor_25_dem_share_xgboost_conformal_ completed [3ms, 515 B]
+ model_turnout_lm_conformal_ dispatched
✔ model_votes_governor_25_dem_share_xgboost_conformal__1 completed [3s, 8.88 MB]
+ summary_votes_governor_25_dem_share_xgboost_conformal__1 dispatched
✔ summary_votes_governor_25_dem_share_xgboost_conformal__1 completed [4ms, 614 B]
+ model_votes_governor_25_rep_share_xgboost_conformal_ dispatched
✔ model_votes_governor_25_rep_precinct_total_xgboost_conformal_ completed [2.7s, 8.52 MB]
+ summary_votes_governor_25_rep_precinct_total_xgboost_conformal_ dispatched
✔ summary_votes_governor_25_rep_precinct_total_xgboost_conformal_ completed [4ms, 518 B]
+ model_votes_governor_25_rep_precinct_total_lm_conformal__1 dispatched
✔ model_votes_governor_25_dem_share_xgboost_conformal__2 completed [2.7s, 8.61 MB]
+ summary_votes_governor_25_dem_share_xgboost_conformal__2 dispatched
✔ summary_votes_governor_25_dem_share_xgboost_conformal__2 completed [3ms, 523 B]
+ model_votes_governor_25_rep_precinct_total_lm_conformal__2 dispatched
✔ model_turnout_lm_conformal_ completed [2.1s, 7.83 MB]
+ summary_turnout_lm_conformal_ dispatched
✔ summary_turnout_lm_conformal_ completed [3ms, 486 B]
+ model_votes_governor_25_dem_share_lm_conformal_ dispatched
✔ model_votes_governor_25_rep_precinct_total_lm_conformal__1 completed [2.2s, 8.65 MB]
+ summary_votes_governor_25_rep_precinct_total_lm_conformal__1 dispatched
✔ model_votes_governor_25_rep_share_xgboost_conformal_ completed [2.7s, 8.58 MB]
+ summary_votes_governor_25_rep_share_xgboost_conformal_ dispatched
✔ summary_votes_governor_25_rep_precinct_total_lm_conformal__1 completed [3ms, 615 B]
+ model_votes_governor_25_dem_share_lm_conformal__1 dispatched
✔ summary_votes_governor_25_rep_share_xgboost_conformal_ completed [10ms, 515 B]
+ model_votes_governor_25_dem_share_lm_conformal__2 dispatched
✔ model_votes_governor_25_rep_precinct_total_lm_conformal__2 completed [2.1s, 8.04 MB]
+ summary_votes_governor_25_rep_precinct_total_lm_conformal__2 dispatched
✔ summary_votes_governor_25_rep_precinct_total_lm_conformal__2 completed [3ms, 520 B]
+ model_votes_governor_25_rep_share_lm_conformal__1 dispatched
✔ model_votes_governor_25_dem_share_lm_conformal_ completed [2.2s, 7.97 MB]
+ summary_votes_governor_25_dem_share_lm_conformal_ dispatched
✔ summary_votes_governor_25_dem_share_lm_conformal_ completed [3ms, 509 B]
+ model_votes_governor_25_rep_share_lm_conformal__2 dispatched
✔ model_votes_governor_25_dem_share_lm_conformal__2 completed [2.1s, 8.05 MB]
+ summary_votes_governor_25_dem_share_lm_conformal__2 dispatched
✔ model_votes_governor_25_dem_share_lm_conformal__1 completed [2.2s, 8.67 MB]
+ summary_votes_governor_25_dem_share_lm_conformal__1 dispatched
✔ summary_votes_governor_25_dem_share_lm_conformal__2 completed [3ms, 517 B]
+ model_votes_governor_25_rep_precinct_total_xgboost_conformal__1 dispatched
✔ summary_votes_governor_25_dem_share_lm_conformal__1 completed [4ms, 611 B]
+ model_votes_governor_25_rep_precinct_total_xgboost_conformal__2 dispatched
✔ model_votes_governor_25_rep_share_lm_conformal__1 completed [2.2s, 8.68 MB]
+ summary_votes_governor_25_rep_share_lm_conformal__1 dispatched
✔ summary_votes_governor_25_rep_share_lm_conformal__1 completed [3ms, 614 B]
+ model_votes_governor_25_rep_share_xgboost_conformal__1 dispatched
✔ model_votes_governor_25_rep_share_lm_conformal__2 completed [2.1s, 8.07 MB]
+ summary_votes_governor_25_rep_share_lm_conformal__2 dispatched
✔ summary_votes_governor_25_rep_share_lm_conformal__2 completed [13ms, 517 B]
+ model_votes_governor_25_rep_share_xgboost_conformal__2 dispatched
✔ model_votes_governor_25_rep_precinct_total_xgboost_conformal__2 completed [3s, 8.60 MB]
+ summary_votes_governor_25_rep_precinct_total_xgboost_conformal__2 dispatched
✔ model_votes_governor_25_rep_precinct_total_xgboost_conformal__1 completed [3s, 8.80 MB]
+ summary_votes_governor_25_rep_precinct_total_xgboost_conformal__1 dispatched
✔ model_votes_governor_25_rep_share_xgboost_conformal__1 completed [2.7s, 8.92 MB]
+ summary_votes_governor_25_rep_share_xgboost_conformal__1 dispatched
✔ summary_votes_governor_25_rep_precinct_total_xgboost_conformal__2 completed [3ms, 526 B]
+ tbl_cbs_VA_NA dispatched
✔ summary_votes_governor_25_rep_precinct_total_xgboost_conformal__1 completed [4ms, 613 B]
+ model_votes_governor_25_dem_precinct_total_lm_conformal__1 dispatched
✔ summary_votes_governor_25_rep_share_xgboost_conformal__1 completed [4ms, 610 B]
+ model_votes_governor_25_dem_precinct_total_lm_conformal__2 dispatched
✔ model_votes_governor_25_rep_share_xgboost_conformal__2 completed [2.7s, 8.61 MB]
+ summary_votes_governor_25_rep_share_xgboost_conformal__2 dispatched
✔ summary_votes_governor_25_rep_share_xgboost_conformal__2 completed [4ms, 521 B]
+ model_votes_governor_25_dem_precinct_total_xgboost_conformal__1 dispatched
✔ model_votes_governor_25_dem_precinct_total_lm_conformal__1 completed [2.3s, 8.65 MB]
+ summary_votes_governor_25_dem_precinct_total_lm_conformal__1 dispatched
✔ model_votes_governor_25_dem_precinct_total_lm_conformal__2 completed [2.3s, 8.04 MB]
+ summary_votes_governor_25_dem_precinct_total_lm_conformal__2 dispatched
✔ summary_votes_governor_25_dem_precinct_total_lm_conformal__1 completed [5ms, 612 B]
+ model_votes_governor_25_dem_precinct_total_xgboost_conformal__2 dispatched
✔ summary_votes_governor_25_dem_precinct_total_lm_conformal__2 completed [3ms, 520 B]
+ summary_VA_NA dispatched
✔ summary_VA_NA completed [316ms, 573 B]
+ corymodel dispatched
✔ model_votes_governor_25_dem_precinct_total_xgboost_conformal__1 completed [3s, 8.87 MB]
+ summary_votes_governor_25_dem_precinct_total_xgboost_conformal__1 dispatched
✔ summary_votes_governor_25_dem_precinct_total_xgboost_conformal__1 completed [8ms, 612 B]
+ model_votes_governor_25_dem_precinct_total_xgboost_conformal_ dispatched
✔ model_votes_governor_25_dem_precinct_total_xgboost_conformal__2 completed [2.9s, 8.61 MB]
+ summary_votes_governor_25_dem_precinct_total_xgboost_conformal__2 dispatched
✔ summary_votes_governor_25_dem_precinct_total_xgboost_conformal__2 completed [4ms, 527 B]
✖ corymodel errored
Error: object 'm_simple_pres' not found

✔ model_votes_governor_25_dem_precinct_total_xgboost_conformal_ completed [2.6s, 8.55 MB]
+ summary_votes_governor_25_dem_precinct_total_xgboost_conformal_ dispatched
✔ summary_votes_governor_25_dem_precinct_total_xgboost_conformal_ completed [4ms, 517 B]
+ models_summary dispatched
✔ models_summary completed [1ms, 3.78 kB]
+ save_summaries dispatched
✔ save_summaries completed [2ms, 43 B]
+ dashboard dispatched
✔ tbl_cbs_VA_NA completed [14.2s, 141.95 kB]
✔ dashboard completed [21.7s, 15.65 MB]
+ upload dispatched
✔ upload completed [1.1s, 46 B]
✖ errored pipeline [1m 29.7s, 69 completed, 2 skipped]
Warning message:
6 targets produced errors. Run targets::tar_meta(fields = error, complete_only = TRUE) for the messages. 
