2025-11-04 19:55:43: Running tar_make
- The project is out-of-sync -- use `renv::status()` for details.
+ timestamp_VA_NA dispatched
+ timestamp_NY_NA dispatched
+ history_NY_NA dispatched
+ history_noimpute_NY_NA dispatched
✔ timestamp_NY_NA completed [2.1s, 50 B]
+ data_NY_NA dispatched
✔ timestamp_VA_NA completed [2.3s, 71 B]
+ data_VA_NA dispatched
✖ data_NY_NA errored
Error: Can't rename columns that don't exist.
✖ Column `X` doesn't exist.

+ tbl_cbs_NY_NA dispatched
✖ tbl_cbs_NY_NA errored
Error: could not load dependency data_NY_NA of target tbl_cbs_NY_NA. invalid 'description' argument

✖ history_NY_NA errored
Error: Can't select columns that don't exist.
✖ Column `white` doesn't exist.

+ summary_NY_NA dispatched
✖ summary_NY_NA errored
Error: could not load dependency history_NY_NA of target summary_NY_NA. invalid 'description' argument

✖ history_noimpute_NY_NA errored
Error: Can't select columns that don't exist.
✖ Column `white` doesn't exist.

✔ data_VA_NA completed [13.3s, 595.52 kB]
+ model_votes_governor_25_rep_share_lm_conformal_ dispatched
+ model_votes_governor_25_rep_precinct_total_lm_conformal_ dispatched
+ model_votes_governor_25_dem_precinct_total_lm_conformal_ dispatched
+ model_turnout_xgboost_conformal_ dispatched
✔ model_votes_governor_25_rep_precinct_total_lm_conformal_ completed [2.5s, 11.99 MB]
+ summary_votes_governor_25_rep_precinct_total_lm_conformal_ dispatched
✔ model_votes_governor_25_dem_precinct_total_lm_conformal_ completed [2.8s, 12.00 MB]
+ summary_votes_governor_25_dem_precinct_total_lm_conformal_ dispatched
✔ summary_votes_governor_25_rep_precinct_total_lm_conformal_ completed [3ms, 512 B]
+ model_turnout_lm_conformal__1 dispatched
✔ model_votes_governor_25_rep_share_lm_conformal_ completed [2.7s, 12.63 MB]
+ summary_votes_governor_25_rep_share_lm_conformal_ dispatched
✔ summary_votes_governor_25_rep_share_lm_conformal_ completed [4ms, 509 B]
+ model_turnout_xgboost_conformal__1 dispatched
✔ summary_votes_governor_25_dem_precinct_total_lm_conformal_ completed [3ms, 512 B]
+ model_turnout_lm_conformal__2 dispatched
✔ model_turnout_xgboost_conformal_ completed [4.5s, 15.63 MB]
+ summary_turnout_xgboost_conformal_ dispatched
✔ summary_turnout_xgboost_conformal_ completed [4ms, 489 B]
+ model_turnout_xgboost_conformal__2 dispatched
✔ model_turnout_lm_conformal__2 completed [2.2s, 12.43 MB]
+ summary_turnout_lm_conformal__2 dispatched
✔ model_turnout_lm_conformal__1 completed [2.3s, 16.99 MB]
+ summary_turnout_lm_conformal__1 dispatched
✔ summary_turnout_lm_conformal__2 completed [3ms, 495 B]
+ model_votes_governor_25_dem_share_xgboost_conformal_ dispatched
✔ summary_turnout_lm_conformal__1 completed [3ms, 593 B]
+ model_votes_governor_25_dem_share_xgboost_conformal__1 dispatched
✔ model_turnout_xgboost_conformal__1 completed [4.7s, 15.76 MB]
+ summary_turnout_xgboost_conformal__1 dispatched
✔ summary_turnout_xgboost_conformal__1 completed [3ms, 592 B]
+ model_votes_governor_25_rep_precinct_total_xgboost_conformal_ dispatched
✔ model_turnout_xgboost_conformal__2 completed [4.1s, 15.75 MB]
+ summary_turnout_xgboost_conformal__2 dispatched
✔ summary_turnout_xgboost_conformal__2 completed [3ms, 499 B]
+ model_votes_governor_25_dem_share_xgboost_conformal__2 dispatched
✔ model_votes_governor_25_dem_share_xgboost_conformal_ completed [3.8s, 16.21 MB]
+ summary_votes_governor_25_dem_share_xgboost_conformal_ dispatched
✔ summary_votes_governor_25_dem_share_xgboost_conformal_ completed [4ms, 513 B]
+ model_turnout_lm_conformal_ dispatched
✔ model_votes_governor_25_dem_share_xgboost_conformal__1 completed [5.6s, 16.55 MB]
+ summary_votes_governor_25_dem_share_xgboost_conformal__1 dispatched
✔ summary_votes_governor_25_dem_share_xgboost_conformal__1 completed [3ms, 613 B]
+ model_votes_governor_25_rep_share_xgboost_conformal_ dispatched
✔ model_votes_governor_25_rep_precinct_total_xgboost_conformal_ completed [3.9s, 15.37 MB]
+ summary_votes_governor_25_rep_precinct_total_xgboost_conformal_ dispatched
✔ summary_votes_governor_25_rep_precinct_total_xgboost_conformal_ completed [4ms, 519 B]
+ model_votes_governor_25_rep_precinct_total_lm_conformal__1 dispatched
✔ model_turnout_lm_conformal_ completed [2.3s, 12.11 MB]
+ summary_turnout_lm_conformal_ dispatched
✔ summary_turnout_lm_conformal_ completed [4ms, 486 B]
+ model_votes_governor_25_rep_precinct_total_lm_conformal__2 dispatched
✔ model_votes_governor_25_dem_share_xgboost_conformal__2 completed [3.9s, 15.66 MB]
+ summary_votes_governor_25_dem_share_xgboost_conformal__2 dispatched
✔ summary_votes_governor_25_dem_share_xgboost_conformal__2 completed [3ms, 521 B]
+ model_votes_governor_25_dem_share_lm_conformal_ dispatched
✔ model_votes_governor_25_rep_precinct_total_lm_conformal__1 completed [2.3s, 16.84 MB]
+ summary_votes_governor_25_rep_precinct_total_lm_conformal__1 dispatched
✔ summary_votes_governor_25_rep_precinct_total_lm_conformal__1 completed [3ms, 614 B]
+ model_votes_governor_25_dem_share_lm_conformal__1 dispatched
✔ model_votes_governor_25_rep_precinct_total_lm_conformal__2 completed [2.1s, 12.49 MB]
+ summary_votes_governor_25_rep_precinct_total_lm_conformal__2 dispatched
✔ summary_votes_governor_25_rep_precinct_total_lm_conformal__2 completed [3ms, 519 B]
+ model_votes_governor_25_dem_share_lm_conformal__2 dispatched
✔ model_votes_governor_25_rep_share_xgboost_conformal_ completed [4.2s, 16.53 MB]
+ summary_votes_governor_25_rep_share_xgboost_conformal_ dispatched
✔ summary_votes_governor_25_rep_share_xgboost_conformal_ completed [3ms, 514 B]
+ model_votes_governor_25_rep_share_lm_conformal__1 dispatched
✔ model_votes_governor_25_dem_share_lm_conformal_ completed [2.4s, 12.62 MB]
+ summary_votes_governor_25_dem_share_lm_conformal_ dispatched
✔ summary_votes_governor_25_dem_share_lm_conformal_ completed [4ms, 508 B]
+ model_votes_governor_25_rep_share_lm_conformal__2 dispatched
✔ model_votes_governor_25_dem_share_lm_conformal__1 completed [2.3s, 17.90 MB]
+ summary_votes_governor_25_dem_share_lm_conformal__1 dispatched
✔ summary_votes_governor_25_dem_share_lm_conformal__1 completed [4ms, 604 B]
+ model_votes_governor_25_rep_precinct_total_xgboost_conformal__1 dispatched
✔ model_votes_governor_25_dem_share_lm_conformal__2 completed [2.3s, 12.95 MB]
+ summary_votes_governor_25_dem_share_lm_conformal__2 dispatched
✔ summary_votes_governor_25_dem_share_lm_conformal__2 completed [3ms, 517 B]
+ model_votes_governor_25_rep_precinct_total_xgboost_conformal__2 dispatched
✔ model_votes_governor_25_rep_share_lm_conformal__2 completed [2s, 12.95 MB]
+ summary_votes_governor_25_rep_share_lm_conformal__2 dispatched
✔ summary_votes_governor_25_rep_share_lm_conformal__2 completed [3ms, 515 B]
+ model_votes_governor_25_rep_share_xgboost_conformal__1 dispatched
✔ model_votes_governor_25_rep_share_lm_conformal__1 completed [2.5s, 17.81 MB]
+ summary_votes_governor_25_rep_share_lm_conformal__1 dispatched
✔ summary_votes_governor_25_rep_share_lm_conformal__1 completed [4ms, 612 B]
+ model_votes_governor_25_rep_share_xgboost_conformal__2 dispatched
✔ model_votes_governor_25_rep_precinct_total_xgboost_conformal__2 completed [3.4s, 14.81 MB]
+ summary_votes_governor_25_rep_precinct_total_xgboost_conformal__2 dispatched
✔ summary_votes_governor_25_rep_precinct_total_xgboost_conformal__2 completed [4ms, 525 B]
+ tbl_cbs_VA_NA dispatched
✔ model_votes_governor_25_rep_precinct_total_xgboost_conformal__1 completed [4.7s, 15.68 MB]
+ summary_votes_governor_25_rep_precinct_total_xgboost_conformal__1 dispatched
✔ summary_votes_governor_25_rep_precinct_total_xgboost_conformal__1 completed [4ms, 620 B]
+ model_votes_governor_25_dem_precinct_total_lm_conformal__1 dispatched
✔ model_votes_governor_25_rep_share_xgboost_conformal__2 completed [3.6s, 15.78 MB]
+ summary_votes_governor_25_rep_share_xgboost_conformal__2 dispatched
✔ summary_votes_governor_25_rep_share_xgboost_conformal__2 completed [4ms, 521 B]
+ model_votes_governor_25_dem_precinct_total_lm_conformal__2 dispatched
✔ model_votes_governor_25_rep_share_xgboost_conformal__1 completed [5.4s, 16.62 MB]
+ summary_votes_governor_25_rep_share_xgboost_conformal__1 dispatched
✔ summary_votes_governor_25_rep_share_xgboost_conformal__1 completed [4ms, 616 B]
+ model_votes_governor_25_dem_precinct_total_xgboost_conformal__1 dispatched
✔ model_votes_governor_25_dem_precinct_total_lm_conformal__1 completed [2.5s, 16.90 MB]
+ summary_votes_governor_25_dem_precinct_total_lm_conformal__1 dispatched
✔ model_votes_governor_25_dem_precinct_total_lm_conformal__2 completed [2.2s, 12.51 MB]
+ summary_votes_governor_25_dem_precinct_total_lm_conformal__2 dispatched
✔ summary_votes_governor_25_dem_precinct_total_lm_conformal__1 completed [4ms, 617 B]
+ model_votes_governor_25_dem_precinct_total_xgboost_conformal__2 dispatched
✔ summary_votes_governor_25_dem_precinct_total_lm_conformal__2 completed [3ms, 521 B]
+ summary_VA_NA dispatched
✔ summary_VA_NA completed [324ms, 652 B]
+ corymodel dispatched
✔ model_votes_governor_25_dem_precinct_total_xgboost_conformal__1 completed [4.8s, 15.79 MB]
+ summary_votes_governor_25_dem_precinct_total_xgboost_conformal__1 dispatched
✔ summary_votes_governor_25_dem_precinct_total_xgboost_conformal__1 completed [3ms, 609 B]
+ model_votes_governor_25_dem_precinct_total_xgboost_conformal_ dispatched
✔ model_votes_governor_25_dem_precinct_total_xgboost_conformal__2 completed [4s, 15.12 MB]
+ summary_votes_governor_25_dem_precinct_total_xgboost_conformal__2 dispatched
✔ summary_votes_governor_25_dem_precinct_total_xgboost_conformal__2 completed [4ms, 526 B]
✖ corymodel errored
Error: object 'm_simple_pres' not found

✔ model_votes_governor_25_dem_precinct_total_xgboost_conformal_ completed [3.8s, 15.35 MB]
+ summary_votes_governor_25_dem_precinct_total_xgboost_conformal_ dispatched
✔ summary_votes_governor_25_dem_precinct_total_xgboost_conformal_ completed [5ms, 519 B]
+ models_summary dispatched
✔ models_summary completed [1ms, 3.78 kB]
+ save_summaries dispatched
✔ save_summaries completed [3ms, 43 B]
+ dashboard dispatched
✔ tbl_cbs_VA_NA completed [21.1s, 159.96 kB]
✔ dashboard completed [24.9s, 17.71 MB]
+ upload dispatched
✔ upload completed [1.2s, 46 B]
✖ errored pipeline [1m 31.1s, 69 completed, 2 skipped]
Warning message:
6 targets produced errors. Run targets::tar_meta(fields = error, complete_only = TRUE) for the messages. 
