2025-11-04 20:34:05: Running tar_make
- The project is out-of-sync -- use `renv::status()` for details.
+ timestamp_VA_NA dispatched
+ timestamp_NY_NA dispatched
+ history_NY_NA dispatched
+ history_noimpute_NY_NA dispatched
✔ timestamp_VA_NA completed [2.1s, 71 B]
+ data_VA_NA dispatched
✔ timestamp_NY_NA completed [2s, 69 B]
+ tbl_cbs_NY_NA dispatched
✖ tbl_cbs_NY_NA errored
Error: ℹ In argument: `real_precinct = ifelse(virtual_precinct, "N", "Y")`.
Caused by error:
! object 'virtual_precinct' not found

✖ history_NY_NA errored
Error: Join columns in `x` must be present in the data.
✖ Problem with `precinct_l2`.

+ summary_NY_NA dispatched
✖ summary_NY_NA errored
Error: could not load dependency history_NY_NA of target summary_NY_NA. invalid 'description' argument

✖ history_noimpute_NY_NA errored
Error: Join columns in `x` must be present in the data.
✖ Problem with `precinct_l2`.

✔ data_VA_NA completed [12.7s, 643.85 kB]
+ model_votes_governor_25_rep_share_lm_conformal_ dispatched
+ model_votes_governor_25_rep_precinct_total_lm_conformal_ dispatched
+ model_votes_governor_25_dem_precinct_total_lm_conformal_ dispatched
+ model_turnout_xgboost_conformal_ dispatched
✔ model_votes_governor_25_rep_share_lm_conformal_ completed [2.6s, 17.46 MB]
+ summary_votes_governor_25_rep_share_lm_conformal_ dispatched
✔ model_votes_governor_25_dem_precinct_total_lm_conformal_ completed [3s, 16.92 MB]
+ summary_votes_governor_25_dem_precinct_total_lm_conformal_ dispatched
✔ summary_votes_governor_25_rep_share_lm_conformal_ completed [4ms, 507 B]
+ model_turnout_lm_conformal__1 dispatched
✔ model_votes_governor_25_rep_precinct_total_lm_conformal_ completed [3.2s, 16.70 MB]
+ summary_votes_governor_25_rep_precinct_total_lm_conformal_ dispatched
✔ summary_votes_governor_25_dem_precinct_total_lm_conformal_ completed [4ms, 510 B]
+ model_turnout_xgboost_conformal__1 dispatched
✔ summary_votes_governor_25_rep_precinct_total_lm_conformal_ completed [4ms, 511 B]
+ model_turnout_lm_conformal__2 dispatched
✔ model_turnout_xgboost_conformal_ completed [6.6s, 22.56 MB]
+ summary_turnout_xgboost_conformal_ dispatched
✔ summary_turnout_xgboost_conformal_ completed [4ms, 489 B]
+ model_turnout_xgboost_conformal__2 dispatched
✔ model_turnout_lm_conformal__1 completed [3s, 25.84 MB]
+ summary_turnout_lm_conformal__1 dispatched
✔ model_turnout_lm_conformal__2 completed [2.8s, 17.91 MB]
+ summary_turnout_lm_conformal__2 dispatched
✔ summary_turnout_lm_conformal__2 completed [4ms, 492 B]
+ model_votes_governor_25_dem_share_xgboost_conformal_ dispatched
✔ summary_turnout_lm_conformal__1 completed [6ms, 588 B]
+ model_votes_governor_25_dem_share_xgboost_conformal__1 dispatched
✖ model_votes_governor_25_dem_share_xgboost_conformal__1 errored
Error: [20:34:37] src/data/data.cc:461: Check failed: valid: Label contains NaN, infinity or a value too large.
Stack trace:
  [bt] (0) 1   xgboost.so                          0x000000016300ef7c dmlc::LogMessageFatal::~LogMessageFatal() + 124
  [bt] (1) 2   xgboost.so                          0x00000001630add60 xgboost::MetaInfo::SetInfoFromHost(xgboost::GenericParameter const&, xgboost::StringView, xgboost::Json) + 3616
  [bt] (2) 3   xgboost.so                          0x00000001630aefe8 xgboost::MetaInfo::SetInfo(xgboost::GenericParameter const&, char const*, void const*, xgboost::DataType, unsigned long) + 168
  [bt] (3) 4   xgboost.so                          0x00000001631d8444 XGDMatrixSetFloatInfo + 132
  [bt] (4) 5   xgboost.so                          0x000000016300a16c XGDMatrixSetInfo_R + 620
  [bt] (5) 6   libR.dylib                          0x000000010155f3b4 R_doDotCall + 1588
  [bt] (6) 7   libR.dylib                          0x00000001015b1e98 bcEval_loop + 86104
  [bt] (7) 8

+ model_votes_governor_25_rep_precinct_total_xgboost_conformal_ dispatched
✖ model_votes_governor_25_dem_share_xgboost_conformal_ errored
Error: [20:34:37] src/data/data.cc:461: Check failed: valid: Label contains NaN, infinity or a value too large.
Stack trace:
  [bt] (0) 1   xgboost.so                          0x0000000166242f7c dmlc::LogMessageFatal::~LogMessageFatal() + 124
  [bt] (1) 2   xgboost.so                          0x00000001662e1d60 xgboost::MetaInfo::SetInfoFromHost(xgboost::GenericParameter const&, xgboost::StringView, xgboost::Json) + 3616
  [bt] (2) 3   xgboost.so                          0x00000001662e2fe8 xgboost::MetaInfo::SetInfo(xgboost::GenericParameter const&, char const*, void const*, xgboost::DataType, unsigned long) + 168
  [bt] (3) 4   xgboost.so                          0x000000016640c444 XGDMatrixSetFloatInfo + 132
  [bt] (4) 5   xgboost.so                          0x000000016623e16c XGDMatrixSetInfo_R + 620
  [bt] (5) 6   libR.dylib                          0x00000001057933b4 R_doDotCall + 1588
  [bt] (6) 7   libR.dylib                          0x00000001057e5e98 bcEval_loop + 86104
  [bt] (7) 8

+ model_votes_governor_25_dem_share_xgboost_conformal__2 dispatched
✖ model_votes_governor_25_dem_share_xgboost_conformal__2 errored
Error: [20:34:38] src/data/data.cc:461: Check failed: valid: Label contains NaN, infinity or a value too large.
Stack trace:
  [bt] (0) 1   xgboost.so                          0x0000000166242f7c dmlc::LogMessageFatal::~LogMessageFatal() + 124
  [bt] (1) 2   xgboost.so                          0x00000001662e1d60 xgboost::MetaInfo::SetInfoFromHost(xgboost::GenericParameter const&, xgboost::StringView, xgboost::Json) + 3616
  [bt] (2) 3   xgboost.so                          0x00000001662e2fe8 xgboost::MetaInfo::SetInfo(xgboost::GenericParameter const&, char const*, void const*, xgboost::DataType, unsigned long) + 168
  [bt] (3) 4   xgboost.so                          0x000000016640c444 XGDMatrixSetFloatInfo + 132
  [bt] (4) 5   xgboost.so                          0x000000016623e16c XGDMatrixSetInfo_R + 620
  [bt] (5) 6   libR.dylib                          0x00000001057933b4 R_doDotCall + 1588
  [bt] (6) 7   libR.dylib                          0x00000001057e5e98 bcEval_loop + 86104
  [bt] (7) 8

+ model_turnout_lm_conformal_ dispatched
✔ model_turnout_lm_conformal_ completed [2.4s, 16.93 MB]
+ summary_turnout_lm_conformal_ dispatched
✔ summary_turnout_lm_conformal_ completed [4ms, 486 B]
+ model_votes_governor_25_rep_share_xgboost_conformal_ dispatched
✔ model_turnout_xgboost_conformal__1 completed [9.6s, 23.43 MB]
+ summary_turnout_xgboost_conformal__1 dispatched
✔ summary_turnout_xgboost_conformal__1 completed [3ms, 591 B]
+ model_votes_governor_25_rep_precinct_total_lm_conformal__1 dispatched
✔ model_votes_governor_25_rep_precinct_total_xgboost_conformal_ completed [5.8s, 22.30 MB]
+ summary_votes_governor_25_rep_precinct_total_xgboost_conformal_ dispatched
✔ model_turnout_xgboost_conformal__2 completed [7.1s, 22.95 MB]
+ summary_turnout_xgboost_conformal__2 dispatched
✔ summary_votes_governor_25_rep_precinct_total_xgboost_conformal_ completed [3ms, 516 B]
+ model_votes_governor_25_rep_precinct_total_lm_conformal__2 dispatched
✔ summary_turnout_xgboost_conformal__2 completed [4ms, 496 B]
+ model_votes_governor_25_dem_share_lm_conformal_ dispatched
✔ model_votes_governor_25_rep_precinct_total_lm_conformal__1 completed [2.6s, 25.53 MB]
+ summary_votes_governor_25_rep_precinct_total_lm_conformal__1 dispatched
✔ summary_votes_governor_25_rep_precinct_total_lm_conformal__1 completed [6ms, 602 B]
+ model_votes_governor_25_dem_share_lm_conformal__1 dispatched
✔ model_votes_governor_25_rep_precinct_total_lm_conformal__2 completed [2.4s, 17.82 MB]
+ summary_votes_governor_25_rep_precinct_total_lm_conformal__2 dispatched
✔ model_votes_governor_25_dem_share_lm_conformal_ completed [2.3s, 17.63 MB]
+ summary_votes_governor_25_dem_share_lm_conformal_ dispatched
✔ summary_votes_governor_25_rep_precinct_total_lm_conformal__2 completed [4ms, 518 B]
+ model_votes_governor_25_dem_share_lm_conformal__2 dispatched
✔ summary_votes_governor_25_dem_share_lm_conformal_ completed [4ms, 508 B]
+ model_votes_governor_25_rep_share_lm_conformal__1 dispatched
✔ model_votes_governor_25_rep_share_xgboost_conformal_ completed [5.6s, 22.87 MB]
+ summary_votes_governor_25_rep_share_xgboost_conformal_ dispatched
✔ summary_votes_governor_25_rep_share_xgboost_conformal_ completed [4ms, 513 B]
+ model_votes_governor_25_rep_share_lm_conformal__2 dispatched
✔ model_votes_governor_25_dem_share_lm_conformal__1 completed [2.4s, 26.57 MB]
+ summary_votes_governor_25_dem_share_lm_conformal__1 dispatched
✔ summary_votes_governor_25_dem_share_lm_conformal__1 completed [3ms, 611 B]
+ model_votes_governor_25_rep_precinct_total_xgboost_conformal__1 dispatched
✔ model_votes_governor_25_dem_share_lm_conformal__2 completed [2.4s, 18.64 MB]
+ summary_votes_governor_25_dem_share_lm_conformal__2 dispatched
✔ summary_votes_governor_25_dem_share_lm_conformal__2 completed [3ms, 512 B]
+ model_votes_governor_25_rep_precinct_total_xgboost_conformal__2 dispatched
✔ model_votes_governor_25_rep_share_lm_conformal__1 completed [2.3s, 26.43 MB]
+ summary_votes_governor_25_rep_share_lm_conformal__1 dispatched
✔ summary_votes_governor_25_rep_share_lm_conformal__1 completed [4ms, 610 B]
+ model_votes_governor_25_rep_share_xgboost_conformal__1 dispatched
✔ model_votes_governor_25_rep_share_lm_conformal__2 completed [2.4s, 18.51 MB]
+ summary_votes_governor_25_rep_share_lm_conformal__2 dispatched
✔ summary_votes_governor_25_rep_share_lm_conformal__2 completed [4ms, 515 B]
+ model_votes_governor_25_rep_share_xgboost_conformal__2 dispatched
✔ model_votes_governor_25_rep_precinct_total_xgboost_conformal__2 completed [5.5s, 22.18 MB]
+ summary_votes_governor_25_rep_precinct_total_xgboost_conformal__2 dispatched
✔ summary_votes_governor_25_rep_precinct_total_xgboost_conformal__2 completed [3ms, 522 B]
+ tbl_cbs_VA_NA dispatched
✔ model_votes_governor_25_rep_share_xgboost_conformal__2 completed [5.7s, 22.60 MB]
+ summary_votes_governor_25_rep_share_xgboost_conformal__2 dispatched
✔ summary_votes_governor_25_rep_share_xgboost_conformal__2 completed [4ms, 520 B]
+ model_votes_governor_25_dem_precinct_total_lm_conformal__1 dispatched
✔ model_votes_governor_25_rep_precinct_total_xgboost_conformal__1 completed [9.1s, 23.17 MB]
+ summary_votes_governor_25_rep_precinct_total_xgboost_conformal__1 dispatched
✔ summary_votes_governor_25_rep_precinct_total_xgboost_conformal__1 completed [3ms, 616 B]
+ model_votes_governor_25_dem_precinct_total_lm_conformal__2 dispatched
✔ model_votes_governor_25_rep_share_xgboost_conformal__1 completed [9.7s, 23.75 MB]
+ summary_votes_governor_25_rep_share_xgboost_conformal__1 dispatched
✔ summary_votes_governor_25_rep_share_xgboost_conformal__1 completed [4ms, 611 B]
+ model_votes_governor_25_dem_precinct_total_xgboost_conformal__1 dispatched
✖ model_votes_governor_25_dem_precinct_total_xgboost_conformal__1 errored
Error: [20:35:07] src/data/data.cc:461: Check failed: valid: Label contains NaN, infinity or a value too large.
Stack trace:
  [bt] (0) 1   xgboost.so                          0x0000000161242f7c dmlc::LogMessageFatal::~LogMessageFatal() + 124
  [bt] (1) 2   xgboost.so                          0x00000001612e1d60 xgboost::MetaInfo::SetInfoFromHost(xgboost::GenericParameter const&, xgboost::StringView, xgboost::Json) + 3616
  [bt] (2) 3   xgboost.so                          0x00000001612e2fe8 xgboost::MetaInfo::SetInfo(xgboost::GenericParameter const&, char const*, void const*, xgboost::DataType, unsigned long) + 168
  [bt] (3) 4   xgboost.so                          0x000000016140c444 XGDMatrixSetFloatInfo + 132
  [bt] (4) 5   xgboost.so                          0x000000016123e16c XGDMatrixSetInfo_R + 620
  [bt] (5) 6   libR.dylib                          0x00000001009e33b4 R_doDotCall + 1588
  [bt] (6) 7   libR.dylib                          0x0000000100a35e98 bcEval_loop + 86104
  [bt] (7) 8

+ model_votes_governor_25_dem_precinct_total_xgboost_conformal__2 dispatched
✖ model_votes_governor_25_dem_precinct_total_xgboost_conformal__2 errored
Error: [20:35:08] src/data/data.cc:461: Check failed: valid: Label contains NaN, infinity or a value too large.
Stack trace:
  [bt] (0) 1   xgboost.so                          0x0000000161242f7c dmlc::LogMessageFatal::~LogMessageFatal() + 124
  [bt] (1) 2   xgboost.so                          0x00000001612e1d60 xgboost::MetaInfo::SetInfoFromHost(xgboost::GenericParameter const&, xgboost::StringView, xgboost::Json) + 3616
  [bt] (2) 3   xgboost.so                          0x00000001612e2fe8 xgboost::MetaInfo::SetInfo(xgboost::GenericParameter const&, char const*, void const*, xgboost::DataType, unsigned long) + 168
  [bt] (3) 4   xgboost.so                          0x000000016140c444 XGDMatrixSetFloatInfo + 132
  [bt] (4) 5   xgboost.so                          0x000000016123e16c XGDMatrixSetInfo_R + 620
  [bt] (5) 6   libR.dylib                          0x00000001009e33b4 R_doDotCall + 1588
  [bt] (6) 7   libR.dylib                          0x0000000100a35e98 bcEval_loop + 86104
  [bt] (7) 8

+ summary_VA_NA dispatched
✔ model_votes_governor_25_dem_precinct_total_lm_conformal__1 completed [2.6s, 25.86 MB]
+ summary_votes_governor_25_dem_precinct_total_lm_conformal__1 dispatched
✔ summary_votes_governor_25_dem_precinct_total_lm_conformal__1 completed [3ms, 612 B]
+ corymodel dispatched
✔ summary_VA_NA completed [464ms, 657 B]
+ model_votes_governor_25_dem_precinct_total_xgboost_conformal_ dispatched
✖ model_votes_governor_25_dem_precinct_total_xgboost_conformal_ errored
Error: [20:35:09] src/data/data.cc:461: Check failed: valid: Label contains NaN, infinity or a value too large.
Stack trace:
  [bt] (0) 1   xgboost.so                          0x0000000161242f7c dmlc::LogMessageFatal::~LogMessageFatal() + 124
  [bt] (1) 2   xgboost.so                          0x00000001612e1d60 xgboost::MetaInfo::SetInfoFromHost(xgboost::GenericParameter const&, xgboost::StringView, xgboost::Json) + 3616
  [bt] (2) 3   xgboost.so                          0x00000001612e2fe8 xgboost::MetaInfo::SetInfo(xgboost::GenericParameter const&, char const*, void const*, xgboost::DataType, unsigned long) + 168
  [bt] (3) 4   xgboost.so                          0x000000016140c444 XGDMatrixSetFloatInfo + 132
  [bt] (4) 5   xgboost.so                          0x000000016123e16c XGDMatrixSetInfo_R + 620
  [bt] (5) 6   libR.dylib                          0x00000001009e33b4 R_doDotCall + 1588
  [bt] (6) 7   libR.dylib                          0x0000000100a35e98 bcEval_loop + 86104
  [bt] (7) 8

✔ model_votes_governor_25_dem_precinct_total_lm_conformal__2 completed [2.4s, 18.05 MB]
+ summary_votes_governor_25_dem_precinct_total_lm_conformal__2 dispatched
✔ summary_votes_governor_25_dem_precinct_total_lm_conformal__2 completed [4ms, 517 B]
+ models_summary dispatched
✔ models_summary completed [0ms, 3.78 kB]
+ save_summaries dispatched
✔ save_summaries completed [1ms, 43 B]
+ dashboard dispatched
✖ corymodel errored
Error: object 'm_simple_pres' not found

✔ tbl_cbs_VA_NA completed [16.4s, 174.63 kB]
✔ dashboard completed [23.5s, 16.35 MB]
+ upload dispatched
✔ upload completed [981ms, 46 B]
✖ errored pipeline [1m 25.8s, 57 completed, 9 skipped]
Warning message:
11 targets produced errors. Run targets::tar_meta(fields = error, complete_only = TRUE) for the messages. 
