2025-11-05 09:41:33: Running tar_make
- The project is out-of-sync -- use `renv::status()` for details.
+ timestamp_VA_NA dispatched
✔ timestamp_VA_NA completed [1.8s, 71 B]
+ data_VA_NA dispatched
✔ data_VA_NA completed [12.2s, 673.68 kB]
+ model_votes_governor_25_dem_share_lm_conformal_ dispatched
✔ model_votes_governor_25_dem_share_lm_conformal_ completed [2.4s, 22.62 MB]
+ summary_votes_governor_25_dem_share_lm_conformal_ dispatched
✔ summary_votes_governor_25_dem_share_lm_conformal_ completed [5ms, 505 B]
+ timestamp_NY_NA dispatched
✔ timestamp_NY_NA completed [71ms, 71 B]
+ model_votes_governor_25_rep_share_lm_conformal_ dispatched
✔ model_votes_governor_25_rep_share_lm_conformal_ completed [2.3s, 22.47 MB]
+ summary_votes_governor_25_rep_share_lm_conformal_ dispatched
✔ summary_votes_governor_25_rep_share_lm_conformal_ completed [3ms, 507 B]
+ model_votes_governor_25_dem_precinct_total_lm_conformal_ dispatched
✔ model_votes_governor_25_dem_precinct_total_lm_conformal_ completed [2s, 21.67 MB]
+ summary_votes_governor_25_dem_precinct_total_lm_conformal_ dispatched
✔ summary_votes_governor_25_dem_precinct_total_lm_conformal_ completed [3ms, 510 B]
+ model_votes_governor_25_rep_precinct_total_lm_conformal_ dispatched
✔ model_votes_governor_25_rep_precinct_total_lm_conformal_ completed [2s, 21.41 MB]
+ summary_votes_governor_25_rep_precinct_total_lm_conformal_ dispatched
✔ summary_votes_governor_25_rep_precinct_total_lm_conformal_ completed [3ms, 509 B]
+ model_votes_governor_25_rep_precinct_total_lm_conformal__1 dispatched
✔ model_votes_governor_25_rep_precinct_total_lm_conformal__1 completed [2.2s, 34.04 MB]
+ summary_votes_governor_25_rep_precinct_total_lm_conformal__1 dispatched
✔ summary_votes_governor_25_rep_precinct_total_lm_conformal__1 completed [5ms, 609 B]
+ summary_VA_NA dispatched
✔ summary_VA_NA completed [289ms, 658 B]
+ model_votes_governor_25_dem_precinct_total_lm_conformal__1 dispatched
✔ model_votes_governor_25_dem_precinct_total_lm_conformal__1 completed [2.2s, 34.35 MB]
+ summary_votes_governor_25_dem_precinct_total_lm_conformal__1 dispatched
✔ summary_votes_governor_25_dem_precinct_total_lm_conformal__1 completed [4ms, 608 B]
+ model_votes_governor_25_rep_share_lm_conformal__1 dispatched
✔ model_votes_governor_25_rep_share_lm_conformal__1 completed [2.1s, 35.05 MB]
+ summary_votes_governor_25_rep_share_lm_conformal__1 dispatched
✔ summary_votes_governor_25_rep_share_lm_conformal__1 completed [4ms, 602 B]
+ tbl_cbs_VA_NA dispatched
✔ tbl_cbs_VA_NA completed [13.8s, 186.90 kB]
+ model_votes_governor_25_rep_precinct_total_lm_conformal__2 dispatched
✔ model_votes_governor_25_rep_precinct_total_lm_conformal__2 completed [2.2s, 22.74 MB]
+ summary_votes_governor_25_rep_precinct_total_lm_conformal__2 dispatched
✔ summary_votes_governor_25_rep_precinct_total_lm_conformal__2 completed [9ms, 517 B]
+ model_votes_governor_25_dem_precinct_total_lm_conformal__2 dispatched
✔ model_votes_governor_25_dem_precinct_total_lm_conformal__2 completed [2s, 23.01 MB]
+ summary_votes_governor_25_dem_precinct_total_lm_conformal__2 dispatched
✔ summary_votes_governor_25_dem_precinct_total_lm_conformal__2 completed [4ms, 516 B]
+ model_votes_governor_25_rep_share_lm_conformal__2 dispatched
✔ model_votes_governor_25_rep_share_lm_conformal__2 completed [2.1s, 23.69 MB]
+ summary_votes_governor_25_rep_share_lm_conformal__2 dispatched
✔ summary_votes_governor_25_rep_share_lm_conformal__2 completed [4ms, 515 B]
+ model_turnout_lm_conformal__1 dispatched
✔ model_turnout_lm_conformal__1 completed [2.3s, 34.39 MB]
+ summary_turnout_lm_conformal__1 dispatched
✔ summary_turnout_lm_conformal__1 completed [4ms, 587 B]
+ model_turnout_lm_conformal__2 dispatched
✔ model_turnout_lm_conformal__2 completed [1.9s, 22.90 MB]
+ summary_turnout_lm_conformal__2 dispatched
✔ summary_turnout_lm_conformal__2 completed [3ms, 491 B]
+ model_votes_governor_25_dem_share_lm_conformal__1 dispatched
✔ model_votes_governor_25_dem_share_lm_conformal__1 completed [2s, 35.21 MB]
+ summary_votes_governor_25_dem_share_lm_conformal__1 dispatched
✔ summary_votes_governor_25_dem_share_lm_conformal__1 completed [3ms, 603 B]
+ model_votes_governor_25_dem_share_lm_conformal__2 dispatched
✔ model_votes_governor_25_dem_share_lm_conformal__2 completed [1.9s, 23.84 MB]
+ summary_votes_governor_25_dem_share_lm_conformal__2 dispatched
✔ summary_votes_governor_25_dem_share_lm_conformal__2 completed [3ms, 514 B]
+ model_turnout_lm_conformal_ dispatched
✔ model_turnout_lm_conformal_ completed [1.8s, 21.75 MB]
+ summary_turnout_lm_conformal_ dispatched
✔ summary_turnout_lm_conformal_ completed [3ms, 483 B]
+ models_summary dispatched
✔ models_summary completed [1ms, 2.20 kB]
+ save_summaries dispatched
✔ save_summaries completed [2ms, 43 B]
+ dashboard dispatched
✔ dashboard completed [19.3s, 16.83 MB]
+ upload dispatched
✔ upload completed [1.3s, 46 B]
✔ ended pipeline [1m 58.9s, 39 completed, 7 skipped]
