2025-11-04 18:53:39: Running tar_make
- The project is out-of-sync -- use `renv::status()` for details.
+ timestamp_VA_NA dispatched
+ timestamp_NY_NA dispatched
+ history_NY_NA dispatched
+ history_noimpute_NY_NA dispatched
✔ timestamp_VA_NA completed [2.2s, 71 B]
+ model_votes_governor_25_rep_share_lm_conformal_ dispatched
✔ timestamp_NY_NA completed [2.1s, 50 B]
+ data_NY_NA dispatched
✖ data_NY_NA errored
Error: Can't rename columns that don't exist.
✖ Column `X` doesn't exist.

+ tbl_cbs_NY_NA dispatched
✖ tbl_cbs_NY_NA errored
Error: could not load dependency data_NY_NA of target tbl_cbs_NY_NA. invalid 'description' argument

+ model_votes_governor_25_rep_precinct_total_lm_conformal_ dispatched
✖ history_NY_NA errored
Error: Can't select columns that don't exist.
✖ Column `white` doesn't exist.

+ summary_NY_NA dispatched
✖ summary_NY_NA errored
Error: could not load dependency history_NY_NA of target summary_NY_NA. invalid 'description' argument

+ model_votes_governor_25_dem_precinct_total_lm_conformal_ dispatched
✖ history_noimpute_NY_NA errored
Error: Can't select columns that don't exist.
✖ Column `white` doesn't exist.

+ model_turnout_xgboost_conformal_ dispatched
✖ model_votes_governor_25_rep_share_lm_conformal_ errored
Error: Training data has less than 50 observations

+ model_turnout_lm_conformal__1 dispatched
✖ model_votes_governor_25_rep_precinct_total_lm_conformal_ errored
Error: Training data has less than 50 observations

+ model_turnout_xgboost_conformal__1 dispatched
✖ model_votes_governor_25_dem_precinct_total_lm_conformal_ errored
Error: Training data has less than 50 observations

+ model_turnout_lm_conformal__2 dispatched
✖ model_turnout_xgboost_conformal_ errored
Error: Training data has less than 50 observations

+ model_turnout_xgboost_conformal__2 dispatched
✖ model_turnout_lm_conformal__1 errored
Error: Training data has less than 50 observations

+ model_votes_governor_25_dem_share_xgboost_conformal_ dispatched
✖ model_turnout_xgboost_conformal__1 errored
Error: Training data has less than 50 observations

+ model_votes_governor_25_dem_share_xgboost_conformal__1 dispatched
✖ model_turnout_lm_conformal__2 errored
Error: Training data has less than 50 observations

+ model_votes_governor_25_rep_precinct_total_xgboost_conformal_ dispatched
✖ model_turnout_xgboost_conformal__2 errored
Error: Training data has less than 50 observations

+ model_votes_governor_25_dem_share_xgboost_conformal__2 dispatched
✖ model_votes_governor_25_dem_share_xgboost_conformal_ errored
Error: Training data has less than 50 observations

+ model_turnout_lm_conformal_ dispatched
✖ model_votes_governor_25_dem_share_xgboost_conformal__1 errored
Error: Training data has less than 50 observations

+ model_votes_governor_25_rep_share_xgboost_conformal_ dispatched
✖ model_votes_governor_25_rep_precinct_total_xgboost_conformal_ errored
Error: Training data has less than 50 observations

+ model_votes_governor_25_rep_precinct_total_lm_conformal__1 dispatched
✖ model_votes_governor_25_dem_share_xgboost_conformal__2 errored
Error: Training data has less than 50 observations

+ model_votes_governor_25_rep_precinct_total_lm_conformal__2 dispatched
✖ model_turnout_lm_conformal_ errored
Error: Training data has less than 50 observations

+ model_votes_governor_25_dem_share_lm_conformal_ dispatched
✖ model_votes_governor_25_rep_share_xgboost_conformal_ errored
Error: Training data has less than 50 observations

+ model_votes_governor_25_dem_share_lm_conformal__1 dispatched
✖ model_votes_governor_25_rep_precinct_total_lm_conformal__1 errored
Error: Training data has less than 50 observations

+ model_votes_governor_25_dem_share_lm_conformal__2 dispatched
✖ model_votes_governor_25_rep_precinct_total_lm_conformal__2 errored
Error: Training data has less than 50 observations

+ model_votes_governor_25_rep_share_lm_conformal__1 dispatched
✖ model_votes_governor_25_dem_share_lm_conformal_ errored
Error: Training data has less than 50 observations

+ model_votes_governor_25_rep_share_lm_conformal__2 dispatched
✖ model_votes_governor_25_dem_share_lm_conformal__1 errored
Error: Training data has less than 50 observations

+ model_votes_governor_25_rep_precinct_total_xgboost_conformal__1 dispatched
✖ model_votes_governor_25_dem_share_lm_conformal__2 errored
Error: Training data has less than 50 observations

+ model_votes_governor_25_rep_precinct_total_xgboost_conformal__2 dispatched
✖ model_votes_governor_25_rep_share_lm_conformal__1 errored
Error: Training data has less than 50 observations

+ model_votes_governor_25_rep_share_xgboost_conformal__1 dispatched
✖ model_votes_governor_25_rep_share_lm_conformal__2 errored
Error: Training data has less than 50 observations

+ model_votes_governor_25_rep_share_xgboost_conformal__2 dispatched
✖ model_votes_governor_25_rep_precinct_total_xgboost_conformal__1 errored
Error: Training data has less than 50 observations

+ summary_votes_governor_25_rep_precinct_total_xgboost_conformal__1 dispatched
✖ summary_votes_governor_25_rep_precinct_total_xgboost_conformal__1 errored
Error: could not load dependency model_votes_governor_25_rep_precinct_total_xgboost_conformal__1 of target summary_votes_governor_25_rep_precinct_total_xgboost_conformal__1. invalid 'description' argument

+ model_votes_governor_25_dem_precinct_total_lm_conformal__1 dispatched
✖ model_votes_governor_25_rep_precinct_total_xgboost_conformal__2 errored
Error: Training data has less than 50 observations

+ summary_votes_governor_25_rep_precinct_total_xgboost_conformal__2 dispatched
✖ summary_votes_governor_25_rep_precinct_total_xgboost_conformal__2 errored
Error: could not load dependency model_votes_governor_25_rep_precinct_total_xgboost_conformal__2 of target summary_votes_governor_25_rep_precinct_total_xgboost_conformal__2. invalid 'description' argument

+ model_votes_governor_25_dem_precinct_total_lm_conformal__2 dispatched
✖ model_votes_governor_25_rep_share_xgboost_conformal__1 errored
Error: Training data has less than 50 observations

+ summary_votes_governor_25_rep_share_xgboost_conformal__1 dispatched
✖ summary_votes_governor_25_rep_share_xgboost_conformal__1 errored
Error: could not load dependency model_votes_governor_25_rep_share_xgboost_conformal__1 of target summary_votes_governor_25_rep_share_xgboost_conformal__1. invalid 'description' argument

+ model_votes_governor_25_dem_precinct_total_xgboost_conformal__1 dispatched
✖ model_votes_governor_25_rep_share_xgboost_conformal__2 errored
Error: Training data has less than 50 observations

+ summary_votes_governor_25_rep_share_xgboost_conformal__2 dispatched
✖ summary_votes_governor_25_rep_share_xgboost_conformal__2 errored
Error: could not load dependency model_votes_governor_25_rep_share_xgboost_conformal__2 of target summary_votes_governor_25_rep_share_xgboost_conformal__2. invalid 'description' argument

+ model_votes_governor_25_dem_precinct_total_xgboost_conformal__2 dispatched
✖ model_votes_governor_25_dem_precinct_total_lm_conformal__1 errored
Error: Training data has less than 50 observations

+ summary_votes_governor_25_dem_precinct_total_lm_conformal__1 dispatched
✖ summary_votes_governor_25_dem_precinct_total_lm_conformal__1 errored
Error: could not load dependency model_votes_governor_25_dem_precinct_total_lm_conformal__1 of target summary_votes_governor_25_dem_precinct_total_lm_conformal__1. invalid 'description' argument

+ corymodel dispatched
✖ model_votes_governor_25_dem_precinct_total_lm_conformal__2 errored
Error: Training data has less than 50 observations

+ summary_votes_governor_25_dem_precinct_total_lm_conformal__2 dispatched
✖ summary_votes_governor_25_dem_precinct_total_lm_conformal__2 errored
Error: could not load dependency model_votes_governor_25_dem_precinct_total_lm_conformal__2 of target summary_votes_governor_25_dem_precinct_total_lm_conformal__2. invalid 'description' argument

+ model_votes_governor_25_dem_precinct_total_xgboost_conformal_ dispatched
✖ model_votes_governor_25_dem_precinct_total_xgboost_conformal__1 errored
Error: Training data has less than 50 observations

+ summary_votes_governor_25_dem_precinct_total_xgboost_conformal__1 dispatched
✖ summary_votes_governor_25_dem_precinct_total_xgboost_conformal__1 errored
Error: could not load dependency model_votes_governor_25_dem_precinct_total_xgboost_conformal__1 of target summary_votes_governor_25_dem_precinct_total_xgboost_conformal__1. invalid 'description' argument

+ dashboard dispatched
✖ model_votes_governor_25_dem_precinct_total_xgboost_conformal__2 errored
Error: Training data has less than 50 observations

+ summary_votes_governor_25_dem_precinct_total_xgboost_conformal__2 dispatched
✖ summary_votes_governor_25_dem_precinct_total_xgboost_conformal__2 errored
Error: could not load dependency model_votes_governor_25_dem_precinct_total_xgboost_conformal__2 of target summary_votes_governor_25_dem_precinct_total_xgboost_conformal__2. invalid 'description' argument

✖ model_votes_governor_25_dem_precinct_total_xgboost_conformal_ errored
Error: Training data has less than 50 observations

+ summary_votes_governor_25_dem_precinct_total_xgboost_conformal_ dispatched
✖ summary_votes_governor_25_dem_precinct_total_xgboost_conformal_ errored
Error: could not load dependency model_votes_governor_25_dem_precinct_total_xgboost_conformal_ of target summary_votes_governor_25_dem_precinct_total_xgboost_conformal_. invalid 'description' argument

+ models_summary dispatched
✖ models_summary errored
Error: could not load dependency summary_votes_governor_25_rep_share_xgboost_conformal__2 of target models_summary. invalid 'description' argument

+ save_summaries dispatched
✖ save_summaries errored
Error: could not load dependency models_summary of target save_summaries. invalid 'description' argument

✖ corymodel errored
Error: object 'm_simple_pres' not found

✖ dashboard errored
Error: ! Error running quarto CLI from R.
Caused by error:
✖ Error returned by quarto CLI.
  -----------------------------
  - The project is out-of-sync -- use `renv::status()` for details.
  
  
  processing file: index.qmd
  1/60
  2/60 [r-setup]
  [31mError in `filter()`:[39m
  ℹ In argument: `lengths(covars) == 1`.
  Caused by error:
  ! object 'covars' not found
  Backtrace:
  ▆
  1. ├─tidyr::pivot_wider(...)
  2. ├─dplyr::select(...)
  3. ├─dplyr::filter(...)
  4. ├─dplyr:::filter.data.frame(...)
  5. │ └─dplyr:::filter_rows(.data, dots, by)
  6. │ └─dplyr:::filter_eval(...)
  7. │ ├─base::withCallingHandlers(...)
  8. │ └─mask$eval_all_filter(dots, env_filter)
  9. │ └─dplyr (local) eval()
  10. ├─base::lengths(covars)
  11. └─base::.handleSimpleError(...)
  12.  └─dplyr (local) h(simpleError(msg, call))
  13.  └─rlang::abort(message, class = error_class, parent = parent, call =
  error_call)
  
  Quitting from index.qmd:17-66 [r-setup]
  [31mExecution halted[39m
  
Caused by error:
! System command 'quarto' failed

+ upload dispatched
✖ upload errored
Error: invalid 'description' argument

✖ errored pipeline [19.1s, 2 completed, 26 skipped]
Warning message:
49 targets produced errors. Run targets::tar_meta(fields = error, complete_only = TRUE) for the messages. 
