2025-11-04 20:22:44: Running tar_make
- The project is out-of-sync -- use `renv::status()` for details.
+ timestamp_VA_NA dispatched
+ timestamp_NY_NA dispatched
+ history_NY_NA dispatched
+ history_noimpute_NY_NA dispatched
✔ timestamp_NY_NA completed [2s, 69 B]
+ data_NY_NA dispatched
✔ timestamp_VA_NA completed [2.3s, 68 B]
+ data_VA_NA dispatched
✖ history_NY_NA errored
Error: Can't select columns that don't exist.
✖ Column `white` doesn't exist.

✖ history_noimpute_NY_NA errored
Error: Can't select columns that don't exist.
✖ Column `white` doesn't exist.

✔ data_NY_NA completed [8.2s, 22.74 kB]
+ tbl_cbs_NY_NA dispatched
+ summary_NY_NA dispatched
✖ summary_NY_NA errored
Error: could not load dependency history_NY_NA of target summary_NY_NA. invalid 'description' argument

✖ tbl_cbs_NY_NA errored
Error: ℹ In argument: `ofc = case_match(...)`.
Caused by error:
! object 'race_name' not found

✔ data_VA_NA completed [13.8s, 633.77 kB]
+ model_votes_governor_25_rep_share_lm_conformal_ dispatched
+ model_votes_governor_25_rep_precinct_total_lm_conformal_ dispatched
+ model_votes_governor_25_dem_precinct_total_lm_conformal_ dispatched
+ model_turnout_xgboost_conformal_ dispatched
✔ model_votes_governor_25_rep_share_lm_conformal_ completed [2.1s, 22.80 MB]
+ summary_votes_governor_25_rep_share_lm_conformal_ dispatched
✔ model_votes_governor_25_dem_precinct_total_lm_conformal_ completed [3.3s, 15.74 MB]
+ summary_votes_governor_25_dem_precinct_total_lm_conformal_ dispatched
✔ model_votes_governor_25_rep_precinct_total_lm_conformal_ completed [3.3s, 15.65 MB]
+ summary_votes_governor_25_rep_precinct_total_lm_conformal_ dispatched
✔ summary_votes_governor_25_rep_share_lm_conformal_ completed [3ms, 490 B]
+ model_turnout_lm_conformal__1 dispatched
✔ summary_votes_governor_25_dem_precinct_total_lm_conformal_ completed [5ms, 511 B]
+ model_turnout_xgboost_conformal__1 dispatched
✔ summary_votes_governor_25_rep_precinct_total_lm_conformal_ completed [4ms, 511 B]
+ model_turnout_lm_conformal__2 dispatched
✔ model_turnout_xgboost_conformal_ completed [6.4s, 21.47 MB]
+ summary_turnout_xgboost_conformal_ dispatched
✔ summary_turnout_xgboost_conformal_ completed [4ms, 490 B]
+ model_turnout_xgboost_conformal__2 dispatched
✔ model_turnout_lm_conformal__2 completed [2.4s, 16.92 MB]
+ summary_turnout_lm_conformal__2 dispatched
✔ model_turnout_lm_conformal__1 completed [2.7s, 24.14 MB]
+ summary_turnout_lm_conformal__1 dispatched
✔ summary_turnout_lm_conformal__2 completed [5ms, 494 B]
+ model_votes_governor_25_dem_share_xgboost_conformal_ dispatched
✔ summary_turnout_lm_conformal__1 completed [9ms, 593 B]
+ model_votes_governor_25_dem_share_xgboost_conformal__1 dispatched
✖ model_votes_governor_25_dem_share_xgboost_conformal_ errored
Error: [20:23:18] src/data/data.cc:461: Check failed: valid: Label contains NaN, infinity or a value too large.
Stack trace:
  [bt] (0) 1   xgboost.so                          0x000000016280ef7c dmlc::LogMessageFatal::~LogMessageFatal() + 124
  [bt] (1) 2   xgboost.so                          0x00000001628add60 xgboost::MetaInfo::SetInfoFromHost(xgboost::GenericParameter const&, xgboost::StringView, xgboost::Json) + 3616
  [bt] (2) 3   xgboost.so                          0x00000001628aefe8 xgboost::MetaInfo::SetInfo(xgboost::GenericParameter const&, char const*, void const*, xgboost::DataType, unsigned long) + 168
  [bt] (3) 4   xgboost.so                          0x00000001629d8444 XGDMatrixSetFloatInfo + 132
  [bt] (4) 5   xgboost.so                          0x000000016280a16c XGDMatrixSetInfo_R + 620
  [bt] (5) 6   libR.dylib                          0x00000001010c33b4 R_doDotCall + 1588
  [bt] (6) 7   libR.dylib                          0x0000000101115e98 bcEval_loop + 86104
  [bt] (7) 8

+ model_votes_governor_25_rep_precinct_total_xgboost_conformal_ dispatched
✖ model_votes_governor_25_dem_share_xgboost_conformal__1 errored
Error: [20:23:18] src/data/data.cc:461: Check failed: valid: Label contains NaN, infinity or a value too large.
Stack trace:
  [bt] (0) 1   xgboost.so                          0x000000013980af7c dmlc::LogMessageFatal::~LogMessageFatal() + 124
  [bt] (1) 2   xgboost.so                          0x00000001398a9d60 xgboost::MetaInfo::SetInfoFromHost(xgboost::GenericParameter const&, xgboost::StringView, xgboost::Json) + 3616
  [bt] (2) 3   xgboost.so                          0x00000001398aafe8 xgboost::MetaInfo::SetInfo(xgboost::GenericParameter const&, char const*, void const*, xgboost::DataType, unsigned long) + 168
  [bt] (3) 4   xgboost.so                          0x00000001399d4444 XGDMatrixSetFloatInfo + 132
  [bt] (4) 5   xgboost.so                          0x000000013980616c XGDMatrixSetInfo_R + 620
  [bt] (5) 6   libR.dylib                          0x000000010373f3b4 R_doDotCall + 1588
  [bt] (6) 7   libR.dylib                          0x0000000103791e98 bcEval_loop + 86104
  [bt] (7) 8

+ model_votes_governor_25_dem_share_xgboost_conformal__2 dispatched
✖ model_votes_governor_25_dem_share_xgboost_conformal__2 errored
Error: [20:23:19] src/data/data.cc:461: Check failed: valid: Label contains NaN, infinity or a value too large.
Stack trace:
  [bt] (0) 1   xgboost.so                          0x000000013980af7c dmlc::LogMessageFatal::~LogMessageFatal() + 124
  [bt] (1) 2   xgboost.so                          0x00000001398a9d60 xgboost::MetaInfo::SetInfoFromHost(xgboost::GenericParameter const&, xgboost::StringView, xgboost::Json) + 3616
  [bt] (2) 3   xgboost.so                          0x00000001398aafe8 xgboost::MetaInfo::SetInfo(xgboost::GenericParameter const&, char const*, void const*, xgboost::DataType, unsigned long) + 168
  [bt] (3) 4   xgboost.so                          0x00000001399d4444 XGDMatrixSetFloatInfo + 132
  [bt] (4) 5   xgboost.so                          0x000000013980616c XGDMatrixSetInfo_R + 620
  [bt] (5) 6   libR.dylib                          0x000000010373f3b4 R_doDotCall + 1588
  [bt] (6) 7   libR.dylib                          0x0000000103791e98 bcEval_loop + 86104
  [bt] (7) 8

+ model_turnout_lm_conformal_ dispatched
✔ model_turnout_lm_conformal_ completed [2.3s, 15.95 MB]
+ summary_turnout_lm_conformal_ dispatched
✔ summary_turnout_lm_conformal_ completed [4ms, 486 B]
+ model_votes_governor_25_rep_share_xgboost_conformal_ dispatched
✔ model_turnout_xgboost_conformal__1 completed [8.7s, 21.95 MB]
+ summary_turnout_xgboost_conformal__1 dispatched
✖ model_votes_governor_25_rep_share_xgboost_conformal_ errored
Error: [20:23:24] src/data/data.cc:461: Check failed: valid: Label contains NaN, infinity or a value too large.
Stack trace:
  [bt] (0) 1   xgboost.so                          0x000000013980af7c dmlc::LogMessageFatal::~LogMessageFatal() + 124
  [bt] (1) 2   xgboost.so                          0x00000001398a9d60 xgboost::MetaInfo::SetInfoFromHost(xgboost::GenericParameter const&, xgboost::StringView, xgboost::Json) + 3616
  [bt] (2) 3   xgboost.so                          0x00000001398aafe8 xgboost::MetaInfo::SetInfo(xgboost::GenericParameter const&, char const*, void const*, xgboost::DataType, unsigned long) + 168
  [bt] (3) 4   xgboost.so                          0x00000001399d4444 XGDMatrixSetFloatInfo + 132
  [bt] (4) 5   xgboost.so                          0x000000013980616c XGDMatrixSetInfo_R + 620
  [bt] (5) 6   libR.dylib                          0x000000010373f3b4 R_doDotCall + 1588
  [bt] (6) 7   libR.dylib                          0x0000000103791e98 bcEval_loop + 86104
  [bt] (7) 8

+ model_votes_governor_25_rep_precinct_total_lm_conformal__1 dispatched
✔ summary_turnout_xgboost_conformal__1 completed [3ms, 591 B]
+ model_votes_governor_25_rep_precinct_total_lm_conformal__2 dispatched
✔ model_turnout_xgboost_conformal__2 completed [6.8s, 21.96 MB]
+ summary_turnout_xgboost_conformal__2 dispatched
✔ model_votes_governor_25_rep_precinct_total_xgboost_conformal_ completed [5.7s, 20.91 MB]
+ summary_votes_governor_25_rep_precinct_total_xgboost_conformal_ dispatched
✔ summary_turnout_xgboost_conformal__2 completed [4ms, 497 B]
+ model_votes_governor_25_dem_share_lm_conformal_ dispatched
✔ summary_votes_governor_25_rep_precinct_total_xgboost_conformal_ completed [4ms, 517 B]
+ model_votes_governor_25_dem_share_lm_conformal__1 dispatched
✔ model_votes_governor_25_rep_precinct_total_lm_conformal__2 completed [2.6s, 16.80 MB]
+ summary_votes_governor_25_rep_precinct_total_lm_conformal__2 dispatched
✔ model_votes_governor_25_rep_precinct_total_lm_conformal__1 completed [2.4s, 23.72 MB]
+ summary_votes_governor_25_rep_precinct_total_lm_conformal__1 dispatched
✔ summary_votes_governor_25_rep_precinct_total_lm_conformal__2 completed [6ms, 521 B]
+ model_votes_governor_25_dem_share_lm_conformal__2 dispatched
✔ summary_votes_governor_25_rep_precinct_total_lm_conformal__1 completed [3ms, 613 B]
+ model_votes_governor_25_rep_share_lm_conformal__1 dispatched
✔ model_votes_governor_25_dem_share_lm_conformal_ completed [1.7s, 22.73 MB]
+ summary_votes_governor_25_dem_share_lm_conformal_ dispatched
✔ summary_votes_governor_25_dem_share_lm_conformal_ completed [3ms, 477 B]
+ model_votes_governor_25_rep_share_lm_conformal__2 dispatched
✔ model_votes_governor_25_dem_share_lm_conformal__1 completed [1.9s, 39.19 MB]
+ summary_votes_governor_25_dem_share_lm_conformal__1 dispatched
✔ summary_votes_governor_25_dem_share_lm_conformal__1 completed [7ms, 563 B]
+ model_votes_governor_25_rep_precinct_total_xgboost_conformal__1 dispatched
✔ model_votes_governor_25_dem_share_lm_conformal__2 completed [1.5s, 24.73 MB]
+ summary_votes_governor_25_dem_share_lm_conformal__2 dispatched
✔ summary_votes_governor_25_dem_share_lm_conformal__2 completed [3ms, 481 B]
+ model_votes_governor_25_rep_precinct_total_xgboost_conformal__2 dispatched
✔ model_votes_governor_25_rep_share_lm_conformal__1 completed [2s, 39.25 MB]
+ summary_votes_governor_25_rep_share_lm_conformal__1 dispatched
✔ summary_votes_governor_25_rep_share_lm_conformal__1 completed [4ms, 589 B]
+ model_votes_governor_25_rep_share_xgboost_conformal__1 dispatched
✔ model_votes_governor_25_rep_share_lm_conformal__2 completed [1.7s, 24.79 MB]
+ summary_votes_governor_25_rep_share_lm_conformal__2 dispatched
✔ summary_votes_governor_25_rep_share_lm_conformal__2 completed [4ms, 496 B]
+ model_votes_governor_25_rep_share_xgboost_conformal__2 dispatched
✖ model_votes_governor_25_rep_share_xgboost_conformal__1 errored
Error: [20:23:35] src/data/data.cc:461: Check failed: valid: Label contains NaN, infinity or a value too large.
Stack trace:
  [bt] (0) 1   xgboost.so                          0x000000013980af7c dmlc::LogMessageFatal::~LogMessageFatal() + 124
  [bt] (1) 2   xgboost.so                          0x00000001398a9d60 xgboost::MetaInfo::SetInfoFromHost(xgboost::GenericParameter const&, xgboost::StringView, xgboost::Json) + 3616
  [bt] (2) 3   xgboost.so                          0x00000001398aafe8 xgboost::MetaInfo::SetInfo(xgboost::GenericParameter const&, char const*, void const*, xgboost::DataType, unsigned long) + 168
  [bt] (3) 4   xgboost.so                          0x00000001399d4444 XGDMatrixSetFloatInfo + 132
  [bt] (4) 5   xgboost.so                          0x000000013980616c XGDMatrixSetInfo_R + 620
  [bt] (5) 6   libR.dylib                          0x000000010373f3b4 R_doDotCall + 1588
  [bt] (6) 7   libR.dylib                          0x0000000103791e98 bcEval_loop + 86104
  [bt] (7) 8

+ tbl_cbs_VA_NA dispatched
✖ model_votes_governor_25_rep_share_xgboost_conformal__2 errored
Error: [20:23:36] src/data/data.cc:461: Check failed: valid: Label contains NaN, infinity or a value too large.
Stack trace:
  [bt] (0) 1   xgboost.so                          0x0000000164a42f7c dmlc::LogMessageFatal::~LogMessageFatal() + 124
  [bt] (1) 2   xgboost.so                          0x0000000164ae1d60 xgboost::MetaInfo::SetInfoFromHost(xgboost::GenericParameter const&, xgboost::StringView, xgboost::Json) + 3616
  [bt] (2) 3   xgboost.so                          0x0000000164ae2fe8 xgboost::MetaInfo::SetInfo(xgboost::GenericParameter const&, char const*, void const*, xgboost::DataType, unsigned long) + 168
  [bt] (3) 4   xgboost.so                          0x0000000164c0c444 XGDMatrixSetFloatInfo + 132
  [bt] (4) 5   xgboost.so                          0x0000000164a3e16c XGDMatrixSetInfo_R + 620
  [bt] (5) 6   libR.dylib                          0x0000000102b1f3b4 R_doDotCall + 1588
  [bt] (6) 7   libR.dylib                          0x0000000102b71e98 bcEval_loop + 86104
  [bt] (7) 8

+ model_votes_governor_25_dem_precinct_total_lm_conformal__1 dispatched
✔ model_votes_governor_25_dem_precinct_total_lm_conformal__1 completed [2.4s, 23.96 MB]
+ summary_votes_governor_25_dem_precinct_total_lm_conformal__1 dispatched
✔ summary_votes_governor_25_dem_precinct_total_lm_conformal__1 completed [3ms, 615 B]
+ model_votes_governor_25_dem_precinct_total_lm_conformal__2 dispatched
✔ model_votes_governor_25_rep_precinct_total_xgboost_conformal__2 completed [4.9s, 20.64 MB]
+ summary_votes_governor_25_rep_precinct_total_xgboost_conformal__2 dispatched
✔ summary_votes_governor_25_rep_precinct_total_xgboost_conformal__2 completed [3ms, 525 B]
+ model_votes_governor_25_dem_precinct_total_xgboost_conformal__1 dispatched
✔ model_votes_governor_25_rep_precinct_total_xgboost_conformal__1 completed [7.7s, 21.54 MB]
+ summary_votes_governor_25_rep_precinct_total_xgboost_conformal__1 dispatched
✔ summary_votes_governor_25_rep_precinct_total_xgboost_conformal__1 completed [3ms, 606 B]
+ model_votes_governor_25_dem_precinct_total_xgboost_conformal__2 dispatched
✔ model_votes_governor_25_dem_precinct_total_lm_conformal__2 completed [2.4s, 16.88 MB]
+ summary_votes_governor_25_dem_precinct_total_lm_conformal__2 dispatched
✔ summary_votes_governor_25_dem_precinct_total_lm_conformal__2 completed [3ms, 519 B]
+ summary_VA_NA dispatched
✔ summary_VA_NA completed [809ms, 654 B]
+ corymodel dispatched
✔ tbl_cbs_VA_NA completed [13.5s, 171.46 kB]
+ model_votes_governor_25_dem_precinct_total_xgboost_conformal_ dispatched
✔ model_votes_governor_25_dem_precinct_total_xgboost_conformal__2 completed [5.2s, 21.47 MB]
+ summary_votes_governor_25_dem_precinct_total_xgboost_conformal__2 dispatched
✔ summary_votes_governor_25_dem_precinct_total_xgboost_conformal__2 completed [3ms, 525 B]
✖ corymodel errored
Error: object 'm_simple_pres' not found

✔ model_votes_governor_25_dem_precinct_total_xgboost_conformal__1 completed [8.2s, 21.94 MB]
+ summary_votes_governor_25_dem_precinct_total_xgboost_conformal__1 dispatched
✔ summary_votes_governor_25_dem_precinct_total_xgboost_conformal__1 completed [3ms, 613 B]
✔ model_votes_governor_25_dem_precinct_total_xgboost_conformal_ completed [5.4s, 21.33 MB]
+ summary_votes_governor_25_dem_precinct_total_xgboost_conformal_ dispatched
✔ summary_votes_governor_25_dem_precinct_total_xgboost_conformal_ completed [3ms, 517 B]
+ models_summary dispatched
✔ models_summary completed [0ms, 3.60 kB]
+ save_summaries dispatched
✔ save_summaries completed [2ms, 43 B]
+ dashboard dispatched
✔ dashboard completed [35.1s, 16.42 MB]
+ upload dispatched
✔ upload completed [1.1s, 46 B]
✖ errored pipeline [1m 45.1s, 58 completed, 8 skipped]
Warning messages:
1: 11 targets produced errors. Run targets::tar_meta(fields = error, complete_only = TRUE) for the messages. 
2: 1 targets produced warnings. Run targets::tar_meta(fields = warnings, complete_only = TRUE) for the messages. 
