2025-11-04 22:51:30: Running tar_make
- The project is out-of-sync -- use `renv::status()` for details.
+ timestamp_VA_NA dispatched
+ timestamp_NY_NA dispatched
✔ timestamp_VA_NA completed [1.8s, 71 B]
+ data_VA_NA dispatched
✔ timestamp_NY_NA completed [2s, 71 B]
+ data_NY_NA dispatched
✔ data_NY_NA completed [7.9s, 79.69 kB]
+ summary_NY_NA dispatched
+ tbl_cbs_NY_NA dispatched
✔ summary_NY_NA completed [110ms, 186 B]
✔ data_VA_NA completed [13.3s, 669.58 kB]
+ model_votes_governor_25_dem_share_lm_conformal_ dispatched
+ model_votes_governor_25_rep_share_lm_conformal_ dispatched
+ model_votes_governor_25_dem_precinct_total_lm_conformal_ dispatched
✔ tbl_cbs_NY_NA completed [6.7s, 142.63 kB]
+ model_votes_governor_25_rep_precinct_total_lm_conformal_ dispatched
✔ model_votes_governor_25_dem_share_lm_conformal_ completed [2.8s, 22.13 MB]
+ summary_votes_governor_25_dem_share_lm_conformal_ dispatched
✔ summary_votes_governor_25_dem_share_lm_conformal_ completed [5ms, 505 B]
+ model_votes_governor_25_rep_precinct_total_lm_conformal__1 dispatched
✔ model_votes_governor_25_rep_share_lm_conformal_ completed [2.7s, 21.98 MB]
+ summary_votes_governor_25_rep_share_lm_conformal_ dispatched
✔ summary_votes_governor_25_rep_share_lm_conformal_ completed [4ms, 505 B]
+ summary_VA_NA dispatched
✔ summary_VA_NA completed [483ms, 658 B]
+ model_votes_governor_25_dem_precinct_total_lm_conformal__1 dispatched
✔ model_votes_governor_25_dem_precinct_total_lm_conformal_ completed [2.9s, 21.21 MB]
+ summary_votes_governor_25_dem_precinct_total_lm_conformal_ dispatched
✔ model_votes_governor_25_rep_precinct_total_lm_conformal_ completed [3.1s, 21.02 MB]
+ summary_votes_governor_25_rep_precinct_total_lm_conformal_ dispatched
✔ model_votes_governor_25_rep_precinct_total_lm_conformal__1 completed [2.7s, 33.35 MB]
+ summary_votes_governor_25_rep_precinct_total_lm_conformal__1 dispatched
✔ summary_votes_governor_25_dem_precinct_total_lm_conformal_ completed [5ms, 510 B]
+ model_votes_governor_25_rep_share_lm_conformal__1 dispatched
✔ summary_votes_governor_25_rep_precinct_total_lm_conformal_ completed [6ms, 509 B]
+ tbl_cbs_VA_NA dispatched
✔ summary_votes_governor_25_rep_precinct_total_lm_conformal__1 completed [5ms, 608 B]
+ model_votes_governor_25_rep_precinct_total_lm_conformal__2 dispatched
✔ model_votes_governor_25_dem_precinct_total_lm_conformal__1 completed [2.7s, 33.60 MB]
+ summary_votes_governor_25_dem_precinct_total_lm_conformal__1 dispatched
✔ summary_votes_governor_25_dem_precinct_total_lm_conformal__1 completed [5ms, 613 B]
+ model_votes_governor_25_dem_precinct_total_lm_conformal__2 dispatched
✔ model_votes_governor_25_rep_precinct_total_lm_conformal__2 completed [2.4s, 22.34 MB]
+ summary_votes_governor_25_rep_precinct_total_lm_conformal__2 dispatched
✔ summary_votes_governor_25_rep_precinct_total_lm_conformal__2 completed [8ms, 517 B]
+ model_votes_governor_25_rep_share_lm_conformal__2 dispatched
✔ model_votes_governor_25_rep_share_lm_conformal__1 completed [2.8s, 34.21 MB]
+ summary_votes_governor_25_rep_share_lm_conformal__1 dispatched
✔ summary_votes_governor_25_rep_share_lm_conformal__1 completed [4ms, 602 B]
+ model_turnout_lm_conformal__1 dispatched
✔ model_votes_governor_25_dem_precinct_total_lm_conformal__2 completed [2.5s, 22.56 MB]
+ summary_votes_governor_25_dem_precinct_total_lm_conformal__2 dispatched
✔ summary_votes_governor_25_dem_precinct_total_lm_conformal__2 completed [5ms, 517 B]
+ model_turnout_lm_conformal__2 dispatched
✔ model_votes_governor_25_rep_share_lm_conformal__2 completed [2.5s, 23.16 MB]
+ summary_votes_governor_25_rep_share_lm_conformal__2 dispatched
✔ summary_votes_governor_25_rep_share_lm_conformal__2 completed [6ms, 512 B]
+ model_votes_governor_25_dem_share_lm_conformal__1 dispatched
✔ model_turnout_lm_conformal__1 completed [2.7s, 33.65 MB]
+ summary_turnout_lm_conformal__1 dispatched
✔ summary_turnout_lm_conformal__1 completed [4ms, 583 B]
+ model_votes_governor_25_dem_share_lm_conformal__2 dispatched
✔ model_turnout_lm_conformal__2 completed [2.4s, 22.46 MB]
+ summary_turnout_lm_conformal__2 dispatched
✔ summary_turnout_lm_conformal__2 completed [4ms, 491 B]
+ model_turnout_lm_conformal_ dispatched
✔ tbl_cbs_VA_NA completed [14.4s, 185.34 kB]
✔ model_votes_governor_25_dem_share_lm_conformal__1 completed [2.3s, 34.37 MB]
+ summary_votes_governor_25_dem_share_lm_conformal__1 dispatched
✔ summary_votes_governor_25_dem_share_lm_conformal__1 completed [4ms, 601 B]
✔ model_votes_governor_25_dem_share_lm_conformal__2 completed [2.5s, 23.32 MB]
+ summary_votes_governor_25_dem_share_lm_conformal__2 dispatched
✔ summary_votes_governor_25_dem_share_lm_conformal__2 completed [2ms, 512 B]
✔ model_turnout_lm_conformal_ completed [2.2s, 21.31 MB]
+ summary_turnout_lm_conformal_ dispatched
✔ summary_turnout_lm_conformal_ completed [3ms, 484 B]
+ models_summary dispatched
✔ models_summary completed [0ms, 2.21 kB]
+ save_summaries dispatched
✔ save_summaries completed [1ms, 43 B]
+ dashboard dispatched
✖ dashboard errored
Error: ! Error running quarto CLI from R.
Caused by error:
✖ Error returned by quarto CLI.
  -----------------------------
  - The project is out-of-sync -- use `renv::status()` for details.
  
  
  processing file: index.qmd
  1/60
  2/60 [r-setup]
  3/60
  4/60 [va_summary]
  5/60
  6/60 [unnamed-chunk-1]
  7/60
  8/60 [unnamed-chunk-2]
  9/60
  10/60 [unnamed-chunk-3]
  11/60
  12/60 [unnamed-chunk-4]
  13/60
  14/60 [unnamed-chunk-5]
  15/60
  16/60 [unnamed-chunk-6]
  17/60
  18/60 [unnamed-chunk-7]
  19/60
  20/60 [unnamed-chunk-8]
  21/60
  22/60 [unnamed-chunk-9]
  23/60
  24/60 [unnamed-chunk-10]
  [31mError in `summarize()`:[39m
  ! Can't select columns that don't exist.
  ✖ Column `vote_mode` doesn't exist.
  Backtrace:
  ▆
  1. ├─global pmargins_hist(...)
  2. │ ├─dplyr::mutate(...)
  3. │ ├─dplyr::summarize(...)
  4. │ └─dplyr:::summarise.data.frame(...)
  5. │ └─dplyr:::compute_by(...)
  6. │ └─dplyr:::eval_select_by(by, data, error_call = error_call)
  7. │ └─tidyselect::eval_select(...)
  8. │ └─tidyselect:::eval_select_impl(...)
  9. │ ├─tidyselect:::with_subscript_errors(...)
  10. │ │ └─base::withCallingHandlers(...)
  11. │ └─tidyselect:::vars_select_eval(...)
  12. │ └─tidyselect:::walk_data_tree(expr, data_mask, context_mask)
  13. │ └─tidyselect:::as_indices_sel_impl(...)
  14. │ └─tidyselect:::as_indices_impl(...)
  15. │ └─tidyselect:::chr_as_locations(x, vars, call = call, arg = arg)
  16. │ └─vctrs::vec_as_location(...)
  17. └─vctrs (local) `<fn>`()
  18.  └─vctrs:::stop_subscript_oob(...)
  19.  └─vctrs:::stop_subscript(...)
  20.  └─rlang::abort(...)
  
  Quitting from index.qmd:357-371 [unnamed-chunk-10]
  [31mExecution halted[39m
  
Caused by error:
! System command 'quarto' failed

✖ errored pipeline [57s, 40 completed, 5 skipped]
Warning message:
1 targets produced warnings. Run targets::tar_meta(fields = warnings, complete_only = TRUE) for the messages. 
