2025-11-04 22:01:29: Running tar_make
- The project is out-of-sync -- use `renv::status()` for details.
+ timestamp_VA_NA dispatched
+ timestamp_NY_NA dispatched
✔ timestamp_NY_NA completed [1.7s, 71 B]
+ data_NY_NA dispatched
✔ timestamp_VA_NA completed [2.1s, 71 B]
+ data_VA_NA dispatched
✔ data_NY_NA completed [8s, 79.31 kB]
+ summary_NY_NA dispatched
+ tbl_cbs_NY_NA dispatched
✔ summary_NY_NA completed [88ms, 186 B]
+ data_VA_NA dispatched
+ tbl_cbs_NY_NA dispatched
✔ tbl_cbs_NY_NA completed [6.9s, 142.20 kB]
✔ data_VA_NA completed [13.4s, 667.40 kB]
+ model_votes_governor_25_dem_share_lm_conformal_ dispatched
+ model_votes_governor_25_rep_share_lm_conformal_ dispatched
+ model_votes_governor_25_dem_precinct_total_lm_conformal_ dispatched
+ model_votes_governor_25_rep_precinct_total_lm_conformal_ dispatched
✔ model_votes_governor_25_dem_share_lm_conformal_ completed [2.8s, 21.43 MB]
+ summary_votes_governor_25_dem_share_lm_conformal_ dispatched
✔ model_votes_governor_25_rep_share_lm_conformal_ completed [2.7s, 21.24 MB]
+ summary_votes_governor_25_rep_share_lm_conformal_ dispatched
✔ summary_votes_governor_25_dem_share_lm_conformal_ completed [3ms, 507 B]
+ model_votes_governor_25_rep_precinct_total_lm_conformal__1 dispatched
✔ summary_votes_governor_25_rep_share_lm_conformal_ completed [3ms, 509 B]
+ summary_VA_NA dispatched
✔ summary_VA_NA completed [453ms, 660 B]
+ model_votes_governor_25_dem_precinct_total_lm_conformal__1 dispatched
✔ model_votes_governor_25_dem_precinct_total_lm_conformal_ completed [2.8s, 20.61 MB]
+ summary_votes_governor_25_dem_precinct_total_lm_conformal_ dispatched
✔ summary_votes_governor_25_dem_precinct_total_lm_conformal_ completed [4ms, 511 B]
+ model_votes_governor_25_rep_share_lm_conformal__1 dispatched
✔ model_votes_governor_25_rep_precinct_total_lm_conformal_ completed [3s, 20.38 MB]
+ summary_votes_governor_25_rep_precinct_total_lm_conformal_ dispatched
✔ model_votes_governor_25_rep_precinct_total_lm_conformal__1 completed [2.8s, 32.19 MB]
+ summary_votes_governor_25_rep_precinct_total_lm_conformal__1 dispatched
✔ summary_votes_governor_25_rep_precinct_total_lm_conformal_ completed [3ms, 512 B]
+ tbl_cbs_VA_NA dispatched
+ model_votes_governor_25_dem_precinct_total_lm_conformal__1 dispatched
✔ summary_votes_governor_25_rep_precinct_total_lm_conformal__1 completed [4ms, 609 B]
+ model_votes_governor_25_rep_precinct_total_lm_conformal__2 dispatched
✔ model_votes_governor_25_rep_share_lm_conformal__1 completed [2.7s, 32.99 MB]
+ summary_votes_governor_25_rep_share_lm_conformal__1 dispatched
✔ summary_votes_governor_25_rep_share_lm_conformal__1 completed [3ms, 612 B]
+ model_votes_governor_25_dem_precinct_total_lm_conformal__2 dispatched
✔ model_votes_governor_25_dem_precinct_total_lm_conformal__1 completed [2.7s, 32.43 MB]
+ summary_votes_governor_25_dem_precinct_total_lm_conformal__1 dispatched
✔ summary_votes_governor_25_dem_precinct_total_lm_conformal__1 completed [6ms, 612 B]
+ model_votes_governor_25_rep_share_lm_conformal__2 dispatched
✔ model_votes_governor_25_dem_precinct_total_lm_conformal__2 completed [2.6s, 21.87 MB]
+ summary_votes_governor_25_dem_precinct_total_lm_conformal__2 dispatched
✔ summary_votes_governor_25_dem_precinct_total_lm_conformal__2 completed [3ms, 517 B]
+ model_turnout_lm_conformal__1 dispatched
✔ model_votes_governor_25_rep_precinct_total_lm_conformal__2 completed [2.9s, 21.68 MB]
+ summary_votes_governor_25_rep_precinct_total_lm_conformal__2 dispatched
✔ model_votes_governor_25_rep_share_lm_conformal__2 completed [2.5s, 22.39 MB]
+ summary_votes_governor_25_rep_share_lm_conformal__2 dispatched
✔ summary_votes_governor_25_rep_precinct_total_lm_conformal__2 completed [4ms, 518 B]
+ model_turnout_lm_conformal__2 dispatched
✔ summary_votes_governor_25_rep_share_lm_conformal__2 completed [3ms, 516 B]
+ model_votes_governor_25_dem_share_lm_conformal__1 dispatched
✔ model_turnout_lm_conformal__1 completed [2.5s, 32.46 MB]
+ summary_turnout_lm_conformal__1 dispatched
✔ model_turnout_lm_conformal__2 completed [2.3s, 21.75 MB]
+ summary_turnout_lm_conformal__2 dispatched
✔ summary_turnout_lm_conformal__1 completed [4ms, 593 B]
+ model_votes_governor_25_dem_share_lm_conformal__2 dispatched
✔ summary_turnout_lm_conformal__2 completed [3ms, 493 B]
+ model_turnout_lm_conformal_ dispatched
✔ model_votes_governor_25_dem_share_lm_conformal__1 completed [2.2s, 33.14 MB]
+ summary_votes_governor_25_dem_share_lm_conformal__1 dispatched
✔ summary_votes_governor_25_dem_share_lm_conformal__1 completed [3ms, 609 B]
✔ tbl_cbs_VA_NA completed [15.7s, 183.90 kB]
✔ model_turnout_lm_conformal_ completed [2.2s, 20.64 MB]
+ summary_turnout_lm_conformal_ dispatched
✔ model_votes_governor_25_dem_share_lm_conformal__2 completed [2.3s, 22.55 MB]
+ summary_votes_governor_25_dem_share_lm_conformal__2 dispatched
✔ summary_votes_governor_25_dem_share_lm_conformal__2 completed [4ms, 516 B]
✔ summary_turnout_lm_conformal_ completed [3ms, 485 B]
+ models_summary dispatched
✔ models_summary completed [1ms, 2.22 kB]
+ save_summaries dispatched
✔ save_summaries completed [1ms, 43 B]
+ dashboard dispatched
✖ dashboard errored
Error: ! Error running quarto CLI from R.
Caused by error:
✖ Error returned by quarto CLI.
  -----------------------------
  - The project is out-of-sync -- use `renv::status()` for details.
  
  
  processing file: index.qmd
  1/60
  2/60 [r-setup]
  [31mError:[39m
  ! object 'outcome' not found
  Backtrace:
  ▆
  1. ├─dplyr::mutate(...)
  2. ├─dplyr::filter(...)
  3. └─tidyr::pivot_wider(names_from = outcome, values_from = estimate)
  
  Quitting from index.qmd:17-75 [r-setup]
  [31mExecution halted[39m
  
Caused by error:
! System command 'quarto' failed

✖ errored pipeline [1m 10.3s, 40 completed, 5 skipped]
Warning message:
1 targets produced warnings. Run targets::tar_meta(fields = warnings, complete_only = TRUE) for the messages. 
