2025-11-04 22:41:30: Running tar_make
- The project is out-of-sync -- use `renv::status()` for details.
+ timestamp_VA_NA dispatched
+ timestamp_NY_NA dispatched
✔ timestamp_VA_NA completed [2.1s, 71 B]
+ data_VA_NA dispatched
✔ timestamp_NY_NA completed [2s, 71 B]
+ data_NY_NA dispatched
✔ data_NY_NA completed [7.7s, 79.64 kB]
+ summary_NY_NA dispatched
+ tbl_cbs_NY_NA dispatched
✔ summary_NY_NA completed [116ms, 186 B]
+ data_VA_NA dispatched
+ tbl_cbs_NY_NA dispatched
✔ tbl_cbs_NY_NA completed [7.2s, 142.57 kB]
✔ data_VA_NA completed [13s, 669.16 kB]
+ model_votes_governor_25_dem_share_lm_conformal_ dispatched
+ model_votes_governor_25_rep_share_lm_conformal_ dispatched
+ model_votes_governor_25_dem_precinct_total_lm_conformal_ dispatched
+ model_votes_governor_25_rep_precinct_total_lm_conformal_ dispatched
✔ model_votes_governor_25_dem_share_lm_conformal_ completed [2.9s, 22.01 MB]
+ summary_votes_governor_25_dem_share_lm_conformal_ dispatched
✔ model_votes_governor_25_rep_share_lm_conformal_ completed [3.3s, 21.84 MB]
+ summary_votes_governor_25_rep_share_lm_conformal_ dispatched
✔ summary_votes_governor_25_dem_share_lm_conformal_ completed [3ms, 505 B]
+ model_votes_governor_25_rep_precinct_total_lm_conformal__1 dispatched
✔ summary_votes_governor_25_rep_share_lm_conformal_ completed [4ms, 506 B]
+ summary_VA_NA dispatched
✔ summary_VA_NA completed [486ms, 661 B]
+ model_votes_governor_25_dem_precinct_total_lm_conformal__1 dispatched
✔ model_votes_governor_25_dem_precinct_total_lm_conformal_ completed [2.9s, 21.11 MB]
+ summary_votes_governor_25_dem_precinct_total_lm_conformal_ dispatched
✔ model_votes_governor_25_rep_precinct_total_lm_conformal_ completed [3s, 20.92 MB]
+ summary_votes_governor_25_rep_precinct_total_lm_conformal_ dispatched
✔ model_votes_governor_25_rep_precinct_total_lm_conformal__1 completed [2.8s, 33.17 MB]
+ summary_votes_governor_25_rep_precinct_total_lm_conformal__1 dispatched
✔ summary_votes_governor_25_dem_precinct_total_lm_conformal_ completed [5ms, 511 B]
+ model_votes_governor_25_rep_share_lm_conformal__1 dispatched
✔ summary_votes_governor_25_rep_precinct_total_lm_conformal_ completed [5ms, 511 B]
+ tbl_cbs_VA_NA dispatched
+ model_votes_governor_25_dem_precinct_total_lm_conformal__1 dispatched
✔ summary_votes_governor_25_rep_precinct_total_lm_conformal__1 completed [4ms, 610 B]
+ model_votes_governor_25_rep_precinct_total_lm_conformal__2 dispatched
✔ model_votes_governor_25_rep_share_lm_conformal__1 completed [3.2s, 34.01 MB]
+ summary_votes_governor_25_rep_share_lm_conformal__1 dispatched
✔ model_votes_governor_25_dem_precinct_total_lm_conformal__1 completed [3s, 33.40 MB]
+ summary_votes_governor_25_dem_precinct_total_lm_conformal__1 dispatched
✔ summary_votes_governor_25_rep_share_lm_conformal__1 completed [4ms, 607 B]
+ model_votes_governor_25_dem_precinct_total_lm_conformal__2 dispatched
✔ summary_votes_governor_25_dem_precinct_total_lm_conformal__1 completed [6ms, 608 B]
+ model_votes_governor_25_rep_share_lm_conformal__2 dispatched
✔ model_votes_governor_25_dem_precinct_total_lm_conformal__2 completed [2.4s, 22.43 MB]
+ summary_votes_governor_25_dem_precinct_total_lm_conformal__2 dispatched
✔ model_votes_governor_25_rep_precinct_total_lm_conformal__2 completed [3.1s, 22.24 MB]
+ summary_votes_governor_25_rep_precinct_total_lm_conformal__2 dispatched
✔ model_votes_governor_25_rep_share_lm_conformal__2 completed [2.4s, 23.05 MB]
+ summary_votes_governor_25_rep_share_lm_conformal__2 dispatched
✔ summary_votes_governor_25_dem_precinct_total_lm_conformal__2 completed [3ms, 518 B]
+ model_turnout_lm_conformal__1 dispatched
✔ summary_votes_governor_25_rep_precinct_total_lm_conformal__2 completed [3ms, 518 B]
+ model_turnout_lm_conformal__2 dispatched
✔ summary_votes_governor_25_rep_share_lm_conformal__2 completed [5ms, 513 B]
+ model_votes_governor_25_dem_share_lm_conformal__1 dispatched
✔ model_turnout_lm_conformal__2 completed [2.4s, 22.32 MB]
+ summary_turnout_lm_conformal__2 dispatched
✔ tbl_cbs_VA_NA completed [14.8s, 185.09 kB]
+ model_votes_governor_25_dem_share_lm_conformal__2 dispatched
✔ summary_turnout_lm_conformal__2 completed [5ms, 493 B]
+ model_turnout_lm_conformal_ dispatched
✔ model_turnout_lm_conformal__1 completed [2.6s, 33.45 MB]
+ summary_turnout_lm_conformal__1 dispatched
✔ model_votes_governor_25_dem_share_lm_conformal__1 completed [2.5s, 34.17 MB]
+ summary_votes_governor_25_dem_share_lm_conformal__1 dispatched
✔ summary_turnout_lm_conformal__1 completed [3ms, 586 B]
✔ summary_votes_governor_25_dem_share_lm_conformal__1 completed [4ms, 604 B]
✔ model_turnout_lm_conformal_ completed [2.3s, 21.20 MB]
+ summary_turnout_lm_conformal_ dispatched
✔ model_votes_governor_25_dem_share_lm_conformal__2 completed [2.6s, 23.19 MB]
+ summary_votes_governor_25_dem_share_lm_conformal__2 dispatched
✔ summary_turnout_lm_conformal_ completed [3ms, 484 B]
✔ summary_votes_governor_25_dem_share_lm_conformal__2 completed [4ms, 514 B]
+ models_summary dispatched
✔ models_summary completed [0ms, 2.21 kB]
+ save_summaries dispatched
✔ save_summaries completed [5ms, 43 B]
+ dashboard dispatched
✔ dashboard completed [24.3s, 16.64 MB]
+ upload dispatched
✔ upload completed [4.4s, 46 B]
✔ ended pipeline [1m 33.3s, 42 completed, 4 skipped]
Warning message:
1 targets produced warnings. Run targets::tar_meta(fields = warnings, complete_only = TRUE) for the messages. 
