2025-11-04 16:39:46: Running tar_make
- The project is out-of-sync -- use `renv::status()` for details.
+ timestamp_VA_NA dispatched
+ timestamp_NY_NA dispatched
+ history_NY_NA dispatched
+ history_noimpute_NY_NA dispatched
✔ timestamp_NY_NA completed [1.9s, 50 B]
+ data_NY_NA dispatched
✔ timestamp_VA_NA completed [2.1s, 69 B]
+ model_votes_governor_25_rep_share_lm_conformal_ dispatched
✖ data_NY_NA errored
Error: Can't rename columns that don't exist.
✖ Column `X` doesn't exist.

+ tbl_cbs_NY_NA dispatched
✖ tbl_cbs_NY_NA errored
Error: could not load dependency data_NY_NA of target tbl_cbs_NY_NA. invalid 'description' argument

+ model_votes_governor_25_rep_precinct_total_lm_conformal_ dispatched
✖ history_NY_NA errored
Error: Can't select columns that don't exist.
✖ Column `white` doesn't exist.

+ summary_NY_NA dispatched
✖ summary_NY_NA errored
Error: could not load dependency history_NY_NA of target summary_NY_NA. invalid 'description' argument

+ model_votes_governor_25_dem_precinct_total_lm_conformal_ dispatched
✖ history_noimpute_NY_NA errored
Error: Can't select columns that don't exist.
✖ Column `white` doesn't exist.

+ model_turnout_xgboost_conformal_ dispatched
✖ model_votes_governor_25_rep_share_lm_conformal_ errored
Error: Training data has less than 50 observations

+ model_turnout_lm_conformal__1 dispatched
✖ model_votes_governor_25_rep_precinct_total_lm_conformal_ errored
Error: Training data has less than 50 observations

+ model_turnout_xgboost_conformal__1 dispatched
✖ model_votes_governor_25_dem_precinct_total_lm_conformal_ errored
Error: Training data has less than 50 observations

+ model_turnout_lm_conformal__2 dispatched
✖ model_turnout_xgboost_conformal_ errored
Error: Training data has less than 50 observations

+ model_turnout_xgboost_conformal__2 dispatched
✖ model_turnout_lm_conformal__1 errored
Error: Training data has less than 50 observations

+ model_votes_governor_25_dem_share_xgboost_conformal_ dispatched
✖ model_turnout_xgboost_conformal__1 errored
Error: Training data has less than 50 observations

+ model_votes_governor_25_dem_share_xgboost_conformal__1 dispatched
✖ model_turnout_lm_conformal__2 errored
Error: Training data has less than 50 observations

+ model_votes_governor_25_rep_precinct_total_xgboost_conformal_ dispatched
✖ model_turnout_xgboost_conformal__2 errored
Error: Training data has less than 50 observations

+ model_votes_governor_25_dem_share_xgboost_conformal__2 dispatched
✖ model_votes_governor_25_dem_share_xgboost_conformal_ errored
Error: Training data has less than 50 observations

+ model_turnout_lm_conformal_ dispatched
✖ model_votes_governor_25_dem_share_xgboost_conformal__1 errored
Error: Training data has less than 50 observations

+ model_votes_governor_25_rep_share_xgboost_conformal_ dispatched
✖ model_votes_governor_25_rep_precinct_total_xgboost_conformal_ errored
Error: Training data has less than 50 observations

+ model_votes_governor_25_rep_precinct_total_lm_conformal__1 dispatched
✖ model_votes_governor_25_dem_share_xgboost_conformal__2 errored
Error: Training data has less than 50 observations

+ model_votes_governor_25_rep_precinct_total_lm_conformal__2 dispatched
✖ model_turnout_lm_conformal_ errored
Error: Training data has less than 50 observations

+ model_votes_governor_25_dem_share_lm_conformal_ dispatched
✖ model_votes_governor_25_rep_share_xgboost_conformal_ errored
Error: Training data has less than 50 observations

+ model_votes_governor_25_dem_share_lm_conformal__1 dispatched
✖ model_votes_governor_25_rep_precinct_total_lm_conformal__1 errored
Error: Training data has less than 50 observations

+ model_votes_governor_25_dem_share_lm_conformal__2 dispatched
✖ model_votes_governor_25_rep_precinct_total_lm_conformal__2 errored
Error: Training data has less than 50 observations

+ model_votes_governor_25_rep_share_lm_conformal__1 dispatched
✖ model_votes_governor_25_dem_share_lm_conformal_ errored
Error: Training data has less than 50 observations

+ model_votes_governor_25_rep_share_lm_conformal__2 dispatched
✖ model_votes_governor_25_dem_share_lm_conformal__1 errored
Error: Training data has less than 50 observations

+ model_votes_governor_25_rep_precinct_total_xgboost_conformal__1 dispatched
✖ model_votes_governor_25_dem_share_lm_conformal__2 errored
Error: Training data has less than 50 observations

+ model_votes_governor_25_rep_precinct_total_xgboost_conformal__2 dispatched
✖ model_votes_governor_25_rep_share_lm_conformal__1 errored
Error: Training data has less than 50 observations

+ model_votes_governor_25_rep_share_xgboost_conformal__1 dispatched
✖ model_votes_governor_25_rep_precinct_total_xgboost_conformal__1 errored
Error: Training data has less than 50 observations

+ summary_votes_governor_25_rep_precinct_total_xgboost_conformal__1 dispatched
✖ summary_votes_governor_25_rep_precinct_total_xgboost_conformal__1 errored
Error: could not load dependency model_votes_governor_25_rep_precinct_total_xgboost_conformal__1 of target summary_votes_governor_25_rep_precinct_total_xgboost_conformal__1. invalid 'description' argument

+ model_votes_governor_25_rep_share_xgboost_conformal__2 dispatched
✖ model_votes_governor_25_rep_share_lm_conformal__2 errored
Error: Training data has less than 50 observations

+ model_votes_governor_25_dem_precinct_total_lm_conformal__1 dispatched
✖ model_votes_governor_25_rep_precinct_total_xgboost_conformal__2 errored
Error: Training data has less than 50 observations

+ summary_votes_governor_25_rep_precinct_total_xgboost_conformal__2 dispatched
✖ summary_votes_governor_25_rep_precinct_total_xgboost_conformal__2 errored
Error: could not load dependency model_votes_governor_25_rep_precinct_total_xgboost_conformal__2 of target summary_votes_governor_25_rep_precinct_total_xgboost_conformal__2. invalid 'description' argument

+ model_votes_governor_25_dem_precinct_total_lm_conformal__2 dispatched
✖ model_votes_governor_25_rep_share_xgboost_conformal__1 errored
Error: Training data has less than 50 observations

+ summary_votes_governor_25_rep_share_xgboost_conformal__1 dispatched
✖ summary_votes_governor_25_rep_share_xgboost_conformal__1 errored
Error: could not load dependency model_votes_governor_25_rep_share_xgboost_conformal__1 of target summary_votes_governor_25_rep_share_xgboost_conformal__1. invalid 'description' argument

+ model_votes_governor_25_dem_precinct_total_xgboost_conformal__1 dispatched
✖ model_votes_governor_25_rep_share_xgboost_conformal__2 errored
Error: Training data has less than 50 observations

+ summary_votes_governor_25_rep_share_xgboost_conformal__2 dispatched
✖ summary_votes_governor_25_rep_share_xgboost_conformal__2 errored
Error: could not load dependency model_votes_governor_25_rep_share_xgboost_conformal__2 of target summary_votes_governor_25_rep_share_xgboost_conformal__2. invalid 'description' argument

+ model_votes_governor_25_dem_precinct_total_xgboost_conformal__2 dispatched
✖ model_votes_governor_25_dem_precinct_total_lm_conformal__1 errored
Error: Training data has less than 50 observations

+ summary_votes_governor_25_dem_precinct_total_lm_conformal__1 dispatched
✖ summary_votes_governor_25_dem_precinct_total_lm_conformal__1 errored
Error: could not load dependency model_votes_governor_25_dem_precinct_total_lm_conformal__1 of target summary_votes_governor_25_dem_precinct_total_lm_conformal__1. invalid 'description' argument

+ corymodel dispatched
✖ model_votes_governor_25_dem_precinct_total_lm_conformal__2 errored
Error: Training data has less than 50 observations

+ summary_votes_governor_25_dem_precinct_total_lm_conformal__2 dispatched
✖ summary_votes_governor_25_dem_precinct_total_lm_conformal__2 errored
Error: could not load dependency model_votes_governor_25_dem_precinct_total_lm_conformal__2 of target summary_votes_governor_25_dem_precinct_total_lm_conformal__2. invalid 'description' argument

+ model_votes_governor_25_dem_precinct_total_xgboost_conformal_ dispatched
✖ model_votes_governor_25_dem_precinct_total_xgboost_conformal__1 errored
Error: Training data has less than 50 observations

+ summary_votes_governor_25_dem_precinct_total_xgboost_conformal__1 dispatched
✖ summary_votes_governor_25_dem_precinct_total_xgboost_conformal__1 errored
Error: could not load dependency model_votes_governor_25_dem_precinct_total_xgboost_conformal__1 of target summary_votes_governor_25_dem_precinct_total_xgboost_conformal__1. invalid 'description' argument

✖ model_votes_governor_25_dem_precinct_total_xgboost_conformal__2 errored
Error: Training data has less than 50 observations

+ summary_votes_governor_25_dem_precinct_total_xgboost_conformal__2 dispatched
✖ summary_votes_governor_25_dem_precinct_total_xgboost_conformal__2 errored
Error: could not load dependency model_votes_governor_25_dem_precinct_total_xgboost_conformal__2 of target summary_votes_governor_25_dem_precinct_total_xgboost_conformal__2. invalid 'description' argument

✖ model_votes_governor_25_dem_precinct_total_xgboost_conformal_ errored
Error: Training data has less than 50 observations

+ summary_votes_governor_25_dem_precinct_total_xgboost_conformal_ dispatched
✖ summary_votes_governor_25_dem_precinct_total_xgboost_conformal_ errored
Error: could not load dependency model_votes_governor_25_dem_precinct_total_xgboost_conformal_ of target summary_votes_governor_25_dem_precinct_total_xgboost_conformal_. invalid 'description' argument

+ models_summary dispatched
✖ models_summary errored
Error: could not load dependency summary_votes_governor_25_rep_share_xgboost_conformal__2 of target models_summary. invalid 'description' argument

+ save_summaries dispatched
✖ save_summaries errored
Error: could not load dependency models_summary of target save_summaries. invalid 'description' argument

+ dashboard dispatched
✖ dashboard errored
Error: could not load dependency save_summaries of target dashboard. invalid 'description' argument

+ upload dispatched
✖ upload errored
Error: invalid 'description' argument

✖ corymodel errored
Error: object 'm_simple_pres' not found

✖ errored pipeline [15.4s, 2 completed, 26 skipped]
Warning message:
49 targets produced errors. Run targets::tar_meta(fields = error, complete_only = TRUE) for the messages. 
