2025-11-04 22:16:30: Running tar_make
- The project is out-of-sync -- use `renv::status()` for details.
+ timestamp_VA_NA dispatched
+ timestamp_NY_NA dispatched
✔ timestamp_NY_NA completed [1.9s, 71 B]
+ data_NY_NA dispatched
✔ timestamp_VA_NA completed [2.3s, 71 B]
+ data_VA_NA dispatched
✔ data_NY_NA completed [8.5s, 79.42 kB]
+ summary_NY_NA dispatched
+ tbl_cbs_NY_NA dispatched
✔ summary_NY_NA completed [100ms, 186 B]
✔ data_VA_NA completed [14.7s, 663.36 kB]
+ model_votes_governor_25_dem_share_lm_conformal_ dispatched
+ tbl_cbs_NY_NA dispatched
+ model_votes_governor_25_rep_share_lm_conformal_ dispatched
+ model_votes_governor_25_dem_precinct_total_lm_conformal_ dispatched
✔ model_votes_governor_25_dem_share_lm_conformal_ completed [3s, 21.68 MB]
+ summary_votes_governor_25_dem_share_lm_conformal_ dispatched
✔ summary_votes_governor_25_dem_share_lm_conformal_ completed [3ms, 506 B]
+ model_votes_governor_25_rep_precinct_total_lm_conformal_ dispatched
✔ model_votes_governor_25_rep_share_lm_conformal_ completed [3.1s, 21.50 MB]
+ summary_votes_governor_25_rep_share_lm_conformal_ dispatched
✔ model_votes_governor_25_dem_precinct_total_lm_conformal_ completed [2.9s, 20.84 MB]
+ summary_votes_governor_25_dem_precinct_total_lm_conformal_ dispatched
✔ summary_votes_governor_25_rep_share_lm_conformal_ completed [3ms, 508 B]
+ model_votes_governor_25_rep_precinct_total_lm_conformal__1 dispatched
✔ summary_votes_governor_25_dem_precinct_total_lm_conformal_ completed [3ms, 510 B]
+ summary_VA_NA dispatched
✔ summary_VA_NA completed [311ms, 660 B]
+ model_votes_governor_25_dem_precinct_total_lm_conformal__1 dispatched
✔ model_votes_governor_25_rep_precinct_total_lm_conformal_ completed [2.4s, 20.61 MB]
+ summary_votes_governor_25_rep_precinct_total_lm_conformal_ dispatched
✔ summary_votes_governor_25_rep_precinct_total_lm_conformal_ completed [3ms, 511 B]
+ model_votes_governor_25_rep_share_lm_conformal__1 dispatched
✔ tbl_cbs_NY_NA completed [7.2s, 142.46 kB]
+ tbl_cbs_VA_NA dispatched
✔ model_votes_governor_25_rep_precinct_total_lm_conformal__1 completed [2.7s, 32.59 MB]
+ summary_votes_governor_25_rep_precinct_total_lm_conformal__1 dispatched
✔ summary_votes_governor_25_rep_precinct_total_lm_conformal__1 completed [4ms, 613 B]
+ model_votes_governor_25_rep_precinct_total_lm_conformal__2 dispatched
✔ model_votes_governor_25_dem_precinct_total_lm_conformal__1 completed [2.8s, 32.84 MB]
+ summary_votes_governor_25_dem_precinct_total_lm_conformal__1 dispatched
✔ summary_votes_governor_25_dem_precinct_total_lm_conformal__1 completed [4ms, 610 B]
+ model_votes_governor_25_dem_precinct_total_lm_conformal__2 dispatched
✔ model_votes_governor_25_rep_share_lm_conformal__1 completed [2.6s, 33.44 MB]
+ summary_votes_governor_25_rep_share_lm_conformal__1 dispatched
✔ summary_votes_governor_25_rep_share_lm_conformal__1 completed [6ms, 611 B]
+ model_votes_governor_25_rep_share_lm_conformal__2 dispatched
✔ model_votes_governor_25_rep_precinct_total_lm_conformal__2 completed [2.3s, 21.91 MB]
+ summary_votes_governor_25_rep_precinct_total_lm_conformal__2 dispatched
✔ summary_votes_governor_25_rep_precinct_total_lm_conformal__2 completed [5ms, 518 B]
+ model_turnout_lm_conformal__1 dispatched
✔ model_votes_governor_25_dem_precinct_total_lm_conformal__2 completed [2.5s, 22.11 MB]
+ summary_votes_governor_25_dem_precinct_total_lm_conformal__2 dispatched
✔ summary_votes_governor_25_dem_precinct_total_lm_conformal__2 completed [3ms, 518 B]
+ model_turnout_lm_conformal__2 dispatched
✔ model_votes_governor_25_rep_share_lm_conformal__2 completed [2.5s, 22.68 MB]
+ summary_votes_governor_25_rep_share_lm_conformal__2 dispatched
✔ summary_votes_governor_25_rep_share_lm_conformal__2 completed [4ms, 514 B]
+ model_votes_governor_25_dem_share_lm_conformal__1 dispatched
✔ model_turnout_lm_conformal__1 completed [2.7s, 32.89 MB]
+ summary_turnout_lm_conformal__1 dispatched
✔ tbl_cbs_VA_NA completed [12.9s, 184.34 kB]
+ model_votes_governor_25_dem_share_lm_conformal__2 dispatched
✔ summary_turnout_lm_conformal__1 completed [3ms, 591 B]
+ model_turnout_lm_conformal_ dispatched
✔ model_turnout_lm_conformal__2 completed [2.3s, 22.00 MB]
+ summary_turnout_lm_conformal__2 dispatched
✔ summary_turnout_lm_conformal__2 completed [4ms, 492 B]
✔ model_votes_governor_25_dem_share_lm_conformal__1 completed [2.5s, 33.60 MB]
+ summary_votes_governor_25_dem_share_lm_conformal__1 dispatched
✔ summary_votes_governor_25_dem_share_lm_conformal__1 completed [4ms, 605 B]
✔ model_turnout_lm_conformal_ completed [2.3s, 20.88 MB]
+ summary_turnout_lm_conformal_ dispatched
✔ summary_turnout_lm_conformal_ completed [3ms, 485 B]
✔ model_votes_governor_25_dem_share_lm_conformal__2 completed [2.8s, 22.83 MB]
+ summary_votes_governor_25_dem_share_lm_conformal__2 dispatched
✔ summary_votes_governor_25_dem_share_lm_conformal__2 completed [3ms, 514 B]
+ models_summary dispatched
✔ models_summary completed [0ms, 2.22 kB]
+ save_summaries dispatched
✔ save_summaries completed [1ms, 43 B]
+ dashboard dispatched
✔ dashboard completed [22.8s, 16.57 MB]
+ upload dispatched
✔ upload completed [1s, 46 B]
✔ ended pipeline [1m 14.7s, 42 completed, 4 skipped]
Warning message:
1 targets produced warnings. Run targets::tar_meta(fields = warnings, complete_only = TRUE) for the messages. 
