2025-11-04 20:57:17: Running tar_make
- The project is out-of-sync -- use `renv::status()` for details.
+ history_VA_NA dispatched
+ timestamp_VA_NA dispatched
+ timestamp_NY_NA dispatched
+ history_NY_NA dispatched
✔ timestamp_VA_NA completed [2s, 71 B]
+ data_VA_NA dispatched
✔ timestamp_NY_NA completed [1.9s, 69 B]
+ history_noimpute_VA_NA dispatched
✔ history_VA_NA completed [2.5s, 1.75 MB]
+ history_noimpute_NY_NA dispatched
✔ history_noimpute_VA_NA completed [182ms, 1.75 MB]
✔ history_NY_NA completed [2s, 2.27 MB]
+ summary_NY_NA dispatched
✔ history_noimpute_NY_NA completed [71ms, 2.27 MB]
✔ summary_NY_NA completed [42ms, 150 B]
✖ data_VA_NA errored
Error: parse error: premature EOF
                                       
                     (right here) ------^


+ model_votes_governor_25_rep_share_lm_conformal_ dispatched
+ model_votes_governor_25_rep_precinct_total_lm_conformal_ dispatched
+ model_votes_governor_25_dem_precinct_total_lm_conformal_ dispatched
+ model_turnout_xgboost_conformal_ dispatched
✖ model_votes_governor_25_rep_precinct_total_lm_conformal_ errored
Error: could not load dependency data_VA_NA of target model_votes_governor_25_rep_precinct_total_lm_conformal_. invalid 'description' argument

✖ model_votes_governor_25_rep_share_lm_conformal_ errored
Error: could not load dependency data_VA_NA of target model_votes_governor_25_rep_share_lm_conformal_. invalid 'description' argument

✖ model_turnout_xgboost_conformal_ errored
Error: could not load dependency data_VA_NA of target model_turnout_xgboost_conformal_. invalid 'description' argument

✖ model_votes_governor_25_dem_precinct_total_lm_conformal_ errored
Error: could not load dependency data_VA_NA of target model_votes_governor_25_dem_precinct_total_lm_conformal_. invalid 'description' argument

+ model_turnout_lm_conformal__1 dispatched
+ model_turnout_xgboost_conformal__1 dispatched
+ model_turnout_lm_conformal__2 dispatched
+ model_turnout_xgboost_conformal__2 dispatched
✖ model_turnout_lm_conformal__1 errored
Error: could not load dependency data_VA_NA of target model_turnout_lm_conformal__1. invalid 'description' argument

✖ model_turnout_lm_conformal__2 errored
Error: could not load dependency data_VA_NA of target model_turnout_lm_conformal__2. invalid 'description' argument

✖ model_turnout_xgboost_conformal__1 errored
Error: could not load dependency data_VA_NA of target model_turnout_xgboost_conformal__1. invalid 'description' argument

+ model_votes_governor_25_dem_share_xgboost_conformal_ dispatched
✖ model_turnout_xgboost_conformal__2 errored
Error: could not load dependency data_VA_NA of target model_turnout_xgboost_conformal__2. invalid 'description' argument

+ model_votes_governor_25_dem_share_xgboost_conformal__1 dispatched
+ model_votes_governor_25_rep_precinct_total_xgboost_conformal_ dispatched
+ model_votes_governor_25_dem_share_xgboost_conformal__2 dispatched
✖ model_votes_governor_25_dem_share_xgboost_conformal_ errored
Error: could not load dependency data_VA_NA of target model_votes_governor_25_dem_share_xgboost_conformal_. invalid 'description' argument

✖ model_votes_governor_25_dem_share_xgboost_conformal__1 errored
Error: could not load dependency data_VA_NA of target model_votes_governor_25_dem_share_xgboost_conformal__1. invalid 'description' argument

✖ model_votes_governor_25_dem_share_xgboost_conformal__2 errored
Error: could not load dependency data_VA_NA of target model_votes_governor_25_dem_share_xgboost_conformal__2. invalid 'description' argument

+ model_turnout_lm_conformal_ dispatched
+ model_votes_governor_25_rep_share_xgboost_conformal_ dispatched
+ model_votes_governor_25_rep_precinct_total_lm_conformal__1 dispatched
✖ model_turnout_lm_conformal_ errored
Error: could not load dependency data_VA_NA of target model_turnout_lm_conformal_. invalid 'description' argument

✖ model_votes_governor_25_rep_share_xgboost_conformal_ errored
Error: could not load dependency data_VA_NA of target model_votes_governor_25_rep_share_xgboost_conformal_. invalid 'description' argument

+ model_votes_governor_25_rep_precinct_total_lm_conformal__2 dispatched
+ model_votes_governor_25_dem_share_lm_conformal_ dispatched
✖ model_votes_governor_25_rep_precinct_total_lm_conformal__1 errored
Error: could not load dependency data_VA_NA of target model_votes_governor_25_rep_precinct_total_lm_conformal__1. invalid 'description' argument

+ model_votes_governor_25_dem_share_lm_conformal__1 dispatched
✖ model_votes_governor_25_dem_share_lm_conformal_ errored
Error: could not load dependency data_VA_NA of target model_votes_governor_25_dem_share_lm_conformal_. invalid 'description' argument

+ model_votes_governor_25_dem_share_lm_conformal__2 dispatched
✖ model_votes_governor_25_dem_share_lm_conformal__1 errored
Error: could not load dependency data_VA_NA of target model_votes_governor_25_dem_share_lm_conformal__1. invalid 'description' argument

+ model_votes_governor_25_rep_share_lm_conformal__1 dispatched
✖ model_votes_governor_25_dem_share_lm_conformal__2 errored
Error: could not load dependency data_VA_NA of target model_votes_governor_25_dem_share_lm_conformal__2. invalid 'description' argument

+ model_votes_governor_25_rep_share_lm_conformal__2 dispatched
✖ model_votes_governor_25_rep_precinct_total_xgboost_conformal_ errored
Error: could not load dependency data_VA_NA of target model_votes_governor_25_rep_precinct_total_xgboost_conformal_. invalid 'description' argument

+ model_votes_governor_25_rep_precinct_total_xgboost_conformal__1 dispatched
✖ model_votes_governor_25_rep_share_lm_conformal__1 errored
Error: could not load dependency data_VA_NA of target model_votes_governor_25_rep_share_lm_conformal__1. invalid 'description' argument

+ model_votes_governor_25_rep_precinct_total_xgboost_conformal__2 dispatched
✖ model_votes_governor_25_rep_share_lm_conformal__2 errored
Error: could not load dependency data_VA_NA of target model_votes_governor_25_rep_share_lm_conformal__2. invalid 'description' argument

+ model_votes_governor_25_rep_share_xgboost_conformal__1 dispatched
✖ model_votes_governor_25_rep_precinct_total_xgboost_conformal__1 errored
Error: could not load dependency data_VA_NA of target model_votes_governor_25_rep_precinct_total_xgboost_conformal__1. invalid 'description' argument

+ model_votes_governor_25_rep_share_xgboost_conformal__2 dispatched
✖ model_votes_governor_25_rep_precinct_total_xgboost_conformal__2 errored
Error: could not load dependency data_VA_NA of target model_votes_governor_25_rep_precinct_total_xgboost_conformal__2. invalid 'description' argument

+ tbl_cbs_VA_NA dispatched
✖ model_votes_governor_25_rep_share_xgboost_conformal__2 errored
Error: could not load dependency data_VA_NA of target model_votes_governor_25_rep_share_xgboost_conformal__2. invalid 'description' argument

✖ tbl_cbs_VA_NA errored
Error: could not load dependency data_VA_NA of target tbl_cbs_VA_NA. invalid 'description' argument

+ model_votes_governor_25_dem_precinct_total_lm_conformal__1 dispatched
✖ model_votes_governor_25_rep_precinct_total_lm_conformal__2 errored
Error: could not load dependency data_VA_NA of target model_votes_governor_25_rep_precinct_total_lm_conformal__2. invalid 'description' argument

+ model_votes_governor_25_dem_precinct_total_lm_conformal__2 dispatched
+ model_votes_governor_25_dem_precinct_total_xgboost_conformal__1 dispatched
✖ model_votes_governor_25_rep_share_xgboost_conformal__1 errored
Error: could not load dependency data_VA_NA of target model_votes_governor_25_rep_share_xgboost_conformal__1. invalid 'description' argument

+ model_votes_governor_25_dem_precinct_total_xgboost_conformal__2 dispatched
✖ model_votes_governor_25_dem_precinct_total_lm_conformal__1 errored
Error: could not load dependency data_VA_NA of target model_votes_governor_25_dem_precinct_total_lm_conformal__1. invalid 'description' argument

+ summary_VA_NA dispatched
✖ model_votes_governor_25_dem_precinct_total_lm_conformal__2 errored
Error: could not load dependency data_VA_NA of target model_votes_governor_25_dem_precinct_total_lm_conformal__2. invalid 'description' argument

✖ model_votes_governor_25_dem_precinct_total_xgboost_conformal__1 errored
Error: could not load dependency data_VA_NA of target model_votes_governor_25_dem_precinct_total_xgboost_conformal__1. invalid 'description' argument

+ corymodel dispatched
✖ model_votes_governor_25_dem_precinct_total_xgboost_conformal__2 errored
Error: could not load dependency data_VA_NA of target model_votes_governor_25_dem_precinct_total_xgboost_conformal__2. invalid 'description' argument

+ model_votes_governor_25_dem_precinct_total_xgboost_conformal_ dispatched
✖ summary_VA_NA errored
Error: could not load dependency data_VA_NA of target summary_VA_NA. invalid 'description' argument

✖ corymodel errored
Error: could not load dependency data_VA_NA of target corymodel. invalid 'description' argument

✖ model_votes_governor_25_dem_precinct_total_xgboost_conformal_ errored
Error: could not load dependency data_VA_NA of target model_votes_governor_25_dem_precinct_total_xgboost_conformal_. invalid 'description' argument

+ save_summaries dispatched
✔ save_summaries completed [2ms, 43 B]
+ dashboard dispatched
✖ dashboard errored
Error: could not load dependency summary_VA_NA of target dashboard. invalid 'description' argument

✖ errored pipeline [7.6s, 8 completed, 34 skipped]
Warning message:
35 targets produced errors. Run targets::tar_meta(fields = error, complete_only = TRUE) for the messages. 
