2025-11-04 23:06:30: Running tar_make
- The project is out-of-sync -- use `renv::status()` for details.
+ timestamp_VA_NA dispatched
✔ timestamp_VA_NA completed [1.8s, 68 B]
+ data_VA_NA dispatched
✔ data_VA_NA completed [13.1s, 670.52 kB]
+ model_votes_governor_25_dem_share_lm_conformal_ dispatched
✔ model_votes_governor_25_dem_share_lm_conformal_ completed [2.2s, 22.29 MB]
+ summary_votes_governor_25_dem_share_lm_conformal_ dispatched
✔ summary_votes_governor_25_dem_share_lm_conformal_ completed [3ms, 505 B]
+ timestamp_NY_NA dispatched
✔ timestamp_NY_NA completed [62ms, 71 B]
+ data_NY_NA dispatched
✔ data_NY_NA completed [7.2s, 79.70 kB]
+ summary_NY_NA dispatched
✔ summary_NY_NA completed [69ms, 186 B]
+ model_votes_governor_25_rep_share_lm_conformal_ dispatched
✔ model_votes_governor_25_rep_share_lm_conformal_ completed [2.1s, 22.13 MB]
+ summary_votes_governor_25_rep_share_lm_conformal_ dispatched
✔ summary_votes_governor_25_rep_share_lm_conformal_ completed [3ms, 506 B]
+ model_votes_governor_25_dem_precinct_total_lm_conformal_ dispatched
✔ model_votes_governor_25_dem_precinct_total_lm_conformal_ completed [1.9s, 21.36 MB]
+ summary_votes_governor_25_dem_precinct_total_lm_conformal_ dispatched
✔ summary_votes_governor_25_dem_precinct_total_lm_conformal_ completed [3ms, 509 B]
+ model_votes_governor_25_rep_precinct_total_lm_conformal_ dispatched
✔ model_votes_governor_25_rep_precinct_total_lm_conformal_ completed [1.9s, 21.18 MB]
+ summary_votes_governor_25_rep_precinct_total_lm_conformal_ dispatched
✔ summary_votes_governor_25_rep_precinct_total_lm_conformal_ completed [3ms, 511 B]
+ model_votes_governor_25_rep_precinct_total_lm_conformal__1 dispatched
✔ model_votes_governor_25_rep_precinct_total_lm_conformal__1 completed [2.1s, 33.58 MB]
+ summary_votes_governor_25_rep_precinct_total_lm_conformal__1 dispatched
✔ summary_votes_governor_25_rep_precinct_total_lm_conformal__1 completed [3ms, 611 B]
+ summary_VA_NA dispatched
✔ summary_VA_NA completed [222ms, 662 B]
+ model_votes_governor_25_dem_precinct_total_lm_conformal__1 dispatched
✔ model_votes_governor_25_dem_precinct_total_lm_conformal__1 completed [2.3s, 33.83 MB]
+ summary_votes_governor_25_dem_precinct_total_lm_conformal__1 dispatched
✔ summary_votes_governor_25_dem_precinct_total_lm_conformal__1 completed [3ms, 610 B]
+ model_votes_governor_25_rep_share_lm_conformal__1 dispatched
✔ model_votes_governor_25_rep_share_lm_conformal__1 completed [2.3s, 34.48 MB]
+ summary_votes_governor_25_rep_share_lm_conformal__1 dispatched
✔ summary_votes_governor_25_rep_share_lm_conformal__1 completed [3ms, 606 B]
+ tbl_cbs_VA_NA dispatched
✔ tbl_cbs_VA_NA completed [12.9s, 185.63 kB]
+ model_votes_governor_25_rep_precinct_total_lm_conformal__2 dispatched
✔ model_votes_governor_25_rep_precinct_total_lm_conformal__2 completed [2.1s, 22.49 MB]
+ summary_votes_governor_25_rep_precinct_total_lm_conformal__2 dispatched
✔ summary_votes_governor_25_rep_precinct_total_lm_conformal__2 completed [8ms, 518 B]
+ model_votes_governor_25_dem_precinct_total_lm_conformal__2 dispatched
✔ model_votes_governor_25_dem_precinct_total_lm_conformal__2 completed [2.1s, 22.70 MB]
+ summary_votes_governor_25_dem_precinct_total_lm_conformal__2 dispatched
✔ summary_votes_governor_25_dem_precinct_total_lm_conformal__2 completed [3ms, 517 B]
+ model_votes_governor_25_rep_share_lm_conformal__2 dispatched
✔ model_votes_governor_25_rep_share_lm_conformal__2 completed [2.1s, 23.30 MB]
+ summary_votes_governor_25_rep_share_lm_conformal__2 dispatched
✔ summary_votes_governor_25_rep_share_lm_conformal__2 completed [3ms, 514 B]
+ model_turnout_lm_conformal__1 dispatched
✔ model_turnout_lm_conformal__1 completed [2.3s, 33.86 MB]
+ summary_turnout_lm_conformal__1 dispatched
✔ summary_turnout_lm_conformal__1 completed [3ms, 585 B]
+ model_turnout_lm_conformal__2 dispatched
✔ model_turnout_lm_conformal__2 completed [1.9s, 22.60 MB]
+ summary_turnout_lm_conformal__2 dispatched
✔ summary_turnout_lm_conformal__2 completed [3ms, 492 B]
+ model_votes_governor_25_dem_share_lm_conformal__1 dispatched
✔ model_votes_governor_25_dem_share_lm_conformal__1 completed [2.1s, 34.64 MB]
+ summary_votes_governor_25_dem_share_lm_conformal__1 dispatched
✔ summary_votes_governor_25_dem_share_lm_conformal__1 completed [2ms, 601 B]
+ model_votes_governor_25_dem_share_lm_conformal__2 dispatched
✔ model_votes_governor_25_dem_share_lm_conformal__2 completed [1.9s, 23.47 MB]
+ summary_votes_governor_25_dem_share_lm_conformal__2 dispatched
✔ summary_votes_governor_25_dem_share_lm_conformal__2 completed [3ms, 514 B]
+ model_turnout_lm_conformal_ dispatched
✔ model_turnout_lm_conformal_ completed [1.8s, 21.46 MB]
+ summary_turnout_lm_conformal_ dispatched
✔ summary_turnout_lm_conformal_ completed [2ms, 485 B]
+ models_summary dispatched
✔ models_summary completed [1ms, 2.21 kB]
+ save_summaries dispatched
✔ save_summaries completed [1ms, 43 B]
+ dashboard dispatched
✔ dashboard completed [18.6s, 16.78 MB]
+ upload dispatched
✔ upload completed [1.3s, 46 B]
+ tbl_cbs_NY_NA dispatched
✔ tbl_cbs_NY_NA completed [6.1s, 142.65 kB]
✔ ended pipeline [2m 10.9s, 42 completed, 4 skipped]
Warning message:
1 targets produced warnings. Run targets::tar_meta(fields = warnings, complete_only = TRUE) for the messages. 
