2025-11-05 14:42:32: Running tar_make
- The project is out-of-sync -- use `renv::status()` for details.
+ timestamp_VA_NA dispatched
✔ timestamp_VA_NA completed [1.8s, 69 B]
+ data_VA_NA dispatched
✔ data_VA_NA completed [13s, 682.53 kB]
+ model_votes_governor_25_rep_share_lm_conformal__2 dispatched
✔ model_votes_governor_25_rep_share_lm_conformal__2 completed [2.4s, 24.34 MB]
+ summary_votes_governor_25_rep_share_lm_conformal__2 dispatched
✔ summary_votes_governor_25_rep_share_lm_conformal__2 completed [3ms, 514 B]
+ timestamp_NY_NA dispatched
✔ timestamp_NY_NA completed [66ms, 71 B]
+ model_votes_governor_25_dem_precinct_total_lm_conformal_ dispatched
✔ model_votes_governor_25_dem_precinct_total_lm_conformal_ completed [2s, 22.15 MB]
+ summary_votes_governor_25_dem_precinct_total_lm_conformal_ dispatched
✔ summary_votes_governor_25_dem_precinct_total_lm_conformal_ completed [3ms, 510 B]
+ summary_VA_NA dispatched
✔ summary_VA_NA completed [296ms, 708 B]
+ model_turnout_lm_conformal_ dispatched
✔ model_turnout_lm_conformal_ completed [2.1s, 22.26 MB]
+ summary_turnout_lm_conformal_ dispatched
✔ summary_turnout_lm_conformal_ completed [2ms, 482 B]
+ model_votes_governor_25_rep_share_lm_conformal_ dispatched
✔ model_votes_governor_25_rep_share_lm_conformal_ completed [2s, 23.04 MB]
+ summary_votes_governor_25_rep_share_lm_conformal_ dispatched
✔ summary_votes_governor_25_rep_share_lm_conformal_ completed [165ms, 507 B]
+ model_turnout_lm_conformal__1 dispatched
✔ model_turnout_lm_conformal__1 completed [2.2s, 35.49 MB]
+ summary_turnout_lm_conformal__1 dispatched
✔ summary_turnout_lm_conformal__1 completed [3ms, 581 B]
+ model_turnout_lm_conformal__2 dispatched
✔ model_turnout_lm_conformal__2 completed [1.9s, 23.48 MB]
+ summary_turnout_lm_conformal__2 dispatched
✔ summary_turnout_lm_conformal__2 completed [4ms, 492 B]
+ tbl_cbs_VA_NA dispatched
✔ tbl_cbs_VA_NA completed [11s, 189.71 kB]
+ corymodel dispatched
✖ corymodel errored
Error: object 'm_simple_pres' not found

+ model_votes_governor_25_dem_precinct_total_lm_conformal__1 dispatched
✔ model_votes_governor_25_dem_precinct_total_lm_conformal__1 completed [2.2s, 35.42 MB]
+ summary_votes_governor_25_dem_precinct_total_lm_conformal__1 dispatched
✔ summary_votes_governor_25_dem_precinct_total_lm_conformal__1 completed [3ms, 608 B]
+ model_votes_governor_25_dem_precinct_total_lm_conformal__2 dispatched
✔ model_votes_governor_25_dem_precinct_total_lm_conformal__2 completed [1.8s, 23.58 MB]
+ summary_votes_governor_25_dem_precinct_total_lm_conformal__2 dispatched
✔ summary_votes_governor_25_dem_precinct_total_lm_conformal__2 completed [3ms, 517 B]
+ model_votes_governor_25_dem_share_lm_conformal__1 dispatched
✔ model_votes_governor_25_dem_share_lm_conformal__1 completed [2s, 36.42 MB]
+ summary_votes_governor_25_dem_share_lm_conformal__1 dispatched
✔ summary_votes_governor_25_dem_share_lm_conformal__1 completed [3ms, 607 B]
+ model_votes_governor_25_dem_share_lm_conformal_ dispatched
✔ model_votes_governor_25_dem_share_lm_conformal_ completed [2s, 23.22 MB]
+ summary_votes_governor_25_dem_share_lm_conformal_ dispatched
✔ summary_votes_governor_25_dem_share_lm_conformal_ completed [3ms, 505 B]
+ model_votes_governor_25_dem_share_lm_conformal__2 dispatched
✔ model_votes_governor_25_dem_share_lm_conformal__2 completed [1.8s, 24.53 MB]
+ summary_votes_governor_25_dem_share_lm_conformal__2 dispatched
✔ summary_votes_governor_25_dem_share_lm_conformal__2 completed [3ms, 514 B]
+ model_votes_governor_25_rep_precinct_total_lm_conformal__1 dispatched
✔ model_votes_governor_25_rep_precinct_total_lm_conformal__1 completed [2.2s, 35.13 MB]
+ summary_votes_governor_25_rep_precinct_total_lm_conformal__1 dispatched
✔ summary_votes_governor_25_rep_precinct_total_lm_conformal__1 completed [3ms, 611 B]
+ model_votes_governor_25_rep_precinct_total_lm_conformal__2 dispatched
✔ model_votes_governor_25_rep_precinct_total_lm_conformal__2 completed [1.9s, 23.33 MB]
+ summary_votes_governor_25_rep_precinct_total_lm_conformal__2 dispatched
✔ summary_votes_governor_25_rep_precinct_total_lm_conformal__2 completed [3ms, 516 B]
+ model_votes_governor_25_rep_precinct_total_lm_conformal_ dispatched
✔ model_votes_governor_25_rep_precinct_total_lm_conformal_ completed [1.8s, 21.92 MB]
+ summary_votes_governor_25_rep_precinct_total_lm_conformal_ dispatched
✔ summary_votes_governor_25_rep_precinct_total_lm_conformal_ completed [3ms, 511 B]
+ model_votes_governor_25_rep_share_lm_conformal__1 dispatched
✔ model_votes_governor_25_rep_share_lm_conformal__1 completed [3.5s, 36.23 MB]
+ summary_votes_governor_25_rep_share_lm_conformal__1 dispatched
✔ summary_votes_governor_25_rep_share_lm_conformal__1 completed [56ms, 603 B]
+ models_summary dispatched
✔ models_summary completed [1ms, 2.20 kB]
+ save_summaries dispatched
✔ save_summaries completed [18ms, 43 B]
+ dashboard dispatched
✖ dashboard errored
Error: ! Error running quarto CLI from R.
Caused by error:
✖ Error returned by quarto CLI.
  -----------------------------
  - The project is out-of-sync -- use `renv::status()` for details.
  
  
  processing file: index.qmd
  1/60
  2/60 [r-setup]
  3/60
  4/60 [va_summary]
  5/60
  6/60 [unnamed-chunk-1]
  7/60
  8/60 [unnamed-chunk-2]
  9/60
  10/60 [unnamed-chunk-3]
  11/60
  12/60 [unnamed-chunk-4]
  13/60
  14/60 [unnamed-chunk-5]
  15/60
  16/60 [unnamed-chunk-6]
  17/60
  18/60 [unnamed-chunk-7]
  [31mError:[39m
  ! object 'd' not found
  Backtrace:
  ▆
  1. ├─ggplot2::scale_x_datetime(...)
  2. │ └─ggplot2::datetime_scale(...)
  3. │ └─ggplot2::is_waiver(date_breaks)
  4. └─global smart_datetime_axis(d$timestamp)
  5.  └─base::difftime(max(date_range), min(date_range), units = "hours")
  6.  └─base::as.POSIXct(time1)
  
  Quitting from index.qmd:156-211 [unnamed-chunk-7]
  Execution halted
  
Caused by error:
! System command 'quarto' failed

✖ errored pipeline [1m 58.9s, 37 completed, 8 skipped]
Warning message:
2 targets produced errors. Run targets::tar_meta(fields = error, complete_only = TRUE) for the messages. 
