2025-11-04 21:32:28: Running tar_make
- The project is out-of-sync -- use `renv::status()` for details.
+ timestamp_VA_NA dispatched
+ timestamp_NY_NA dispatched
✔ timestamp_NY_NA completed [1.9s, 69 B]
+ data_NY_NA dispatched
✔ timestamp_VA_NA completed [2.1s, 71 B]
+ data_VA_NA dispatched
✔ data_NY_NA completed [8.1s, 82.26 kB]
+ summary_NY_NA dispatched
+ tbl_cbs_NY_NA dispatched
✔ summary_NY_NA completed [114ms, 186 B]
✔ data_VA_NA completed [14.3s, 664.63 kB]
+ model_votes_governor_25_dem_share_lm_conformal_ dispatched
+ model_votes_governor_25_rep_share_lm_conformal_ dispatched
+ model_votes_governor_25_dem_precinct_total_lm_conformal_ dispatched
✔ tbl_cbs_NY_NA completed [6.6s, 138.92 kB]
+ model_votes_governor_25_rep_precinct_total_lm_conformal_ dispatched
✔ model_votes_governor_25_dem_share_lm_conformal_ completed [2.7s, 20.68 MB]
+ summary_votes_governor_25_dem_share_lm_conformal_ dispatched
✔ summary_votes_governor_25_dem_share_lm_conformal_ completed [3ms, 508 B]
+ model_votes_governor_25_rep_precinct_total_lm_conformal__1 dispatched
✔ model_votes_governor_25_rep_share_lm_conformal_ completed [2.8s, 20.49 MB]
+ summary_votes_governor_25_rep_share_lm_conformal_ dispatched
✔ summary_votes_governor_25_rep_share_lm_conformal_ completed [4ms, 508 B]
+ summary_VA_NA dispatched
✔ summary_VA_NA completed [469ms, 657 B]
+ model_votes_governor_25_dem_precinct_total_lm_conformal__1 dispatched
✔ model_votes_governor_25_dem_precinct_total_lm_conformal_ completed [3s, 19.93 MB]
+ summary_votes_governor_25_dem_precinct_total_lm_conformal_ dispatched
✔ model_votes_governor_25_rep_precinct_total_lm_conformal_ completed [3.2s, 19.71 MB]
+ summary_votes_governor_25_rep_precinct_total_lm_conformal_ dispatched
✔ model_votes_governor_25_rep_precinct_total_lm_conformal__1 completed [2.9s, 30.93 MB]
+ summary_votes_governor_25_rep_precinct_total_lm_conformal__1 dispatched
✔ summary_votes_governor_25_dem_precinct_total_lm_conformal_ completed [4ms, 511 B]
+ model_votes_governor_25_rep_share_lm_conformal__1 dispatched
✔ summary_votes_governor_25_rep_precinct_total_lm_conformal_ completed [5ms, 511 B]
+ tbl_cbs_VA_NA dispatched
✔ summary_votes_governor_25_rep_precinct_total_lm_conformal__1 completed [4ms, 612 B]
+ model_votes_governor_25_rep_precinct_total_lm_conformal__2 dispatched
✔ model_votes_governor_25_dem_precinct_total_lm_conformal__1 completed [2.7s, 31.15 MB]
+ summary_votes_governor_25_dem_precinct_total_lm_conformal__1 dispatched
✔ summary_votes_governor_25_dem_precinct_total_lm_conformal__1 completed [4ms, 613 B]
+ model_votes_governor_25_dem_precinct_total_lm_conformal__2 dispatched
✔ model_votes_governor_25_rep_precinct_total_lm_conformal__2 completed [2.6s, 20.97 MB]
+ summary_votes_governor_25_rep_precinct_total_lm_conformal__2 dispatched
✔ model_votes_governor_25_rep_share_lm_conformal__1 completed [2.8s, 31.63 MB]
+ summary_votes_governor_25_rep_share_lm_conformal__1 dispatched
✔ summary_votes_governor_25_rep_precinct_total_lm_conformal__2 completed [4ms, 519 B]
+ model_votes_governor_25_rep_share_lm_conformal__2 dispatched
✔ summary_votes_governor_25_rep_share_lm_conformal__1 completed [5ms, 610 B]
+ model_turnout_lm_conformal__1 dispatched
✔ model_votes_governor_25_dem_precinct_total_lm_conformal__2 completed [2.4s, 21.14 MB]
+ summary_votes_governor_25_dem_precinct_total_lm_conformal__2 dispatched
✔ summary_votes_governor_25_dem_precinct_total_lm_conformal__2 completed [3ms, 519 B]
+ model_turnout_lm_conformal__2 dispatched
✔ model_votes_governor_25_rep_share_lm_conformal__2 completed [2.4s, 21.62 MB]
+ summary_votes_governor_25_rep_share_lm_conformal__2 dispatched
✔ summary_votes_governor_25_rep_share_lm_conformal__2 completed [2ms, 513 B]
+ model_votes_governor_25_dem_share_lm_conformal__1 dispatched
✔ model_turnout_lm_conformal__1 completed [2.6s, 31.19 MB]
+ summary_turnout_lm_conformal__1 dispatched
✔ summary_turnout_lm_conformal__1 completed [3ms, 588 B]
+ model_votes_governor_25_dem_share_lm_conformal__2 dispatched
✔ model_turnout_lm_conformal__2 completed [2.3s, 21.04 MB]
+ summary_turnout_lm_conformal__2 dispatched
✔ summary_turnout_lm_conformal__2 completed [4ms, 493 B]
+ model_turnout_lm_conformal_ dispatched
✔ model_votes_governor_25_dem_share_lm_conformal__1 completed [2.5s, 31.77 MB]
+ summary_votes_governor_25_dem_share_lm_conformal__1 dispatched
✔ summary_votes_governor_25_dem_share_lm_conformal__1 completed [4ms, 607 B]
✔ model_votes_governor_25_dem_share_lm_conformal__2 completed [2.4s, 21.76 MB]
+ summary_votes_governor_25_dem_share_lm_conformal__2 dispatched
✔ summary_votes_governor_25_dem_share_lm_conformal__2 completed [5ms, 516 B]
✔ model_turnout_lm_conformal_ completed [2.3s, 19.96 MB]
+ summary_turnout_lm_conformal_ dispatched
✔ summary_turnout_lm_conformal_ completed [3ms, 486 B]
+ models_summary dispatched
✔ models_summary completed [0ms, 2.21 kB]
+ save_summaries dispatched
✔ save_summaries completed [1ms, 43 B]
+ dashboard dispatched
✔ tbl_cbs_VA_NA completed [17.1s, 182.19 kB]
✔ dashboard completed [23s, 16.40 MB]
+ upload dispatched
✔ upload completed [1s, 46 B]
✔ ended pipeline [1m 9.8s, 42 completed, 4 skipped]
Warning message:
1 targets produced warnings. Run targets::tar_meta(fields = warnings, complete_only = TRUE) for the messages. 
