2025-11-04 22:11:29: Running tar_make
- The project is out-of-sync -- use `renv::status()` for details.
+ timestamp_VA_NA dispatched
+ timestamp_NY_NA dispatched
✔ timestamp_NY_NA completed [1.8s, 71 B]
+ data_NY_NA dispatched
✔ timestamp_VA_NA completed [2.1s, 71 B]
+ data_VA_NA dispatched
✔ data_NY_NA completed [8s, 79.37 kB]
+ summary_NY_NA dispatched
+ tbl_cbs_NY_NA dispatched
✔ summary_NY_NA completed [90ms, 186 B]
✔ data_VA_NA completed [13.4s, 662.30 kB]
+ model_votes_governor_25_dem_share_lm_conformal_ dispatched
+ tbl_cbs_NY_NA dispatched
+ model_votes_governor_25_rep_share_lm_conformal_ dispatched
+ model_votes_governor_25_dem_precinct_total_lm_conformal_ dispatched
✔ model_votes_governor_25_dem_share_lm_conformal_ completed [3.1s, 21.62 MB]
+ summary_votes_governor_25_dem_share_lm_conformal_ dispatched
✔ summary_votes_governor_25_dem_share_lm_conformal_ completed [5ms, 507 B]
+ model_votes_governor_25_rep_precinct_total_lm_conformal_ dispatched
✔ model_votes_governor_25_rep_share_lm_conformal_ completed [3.2s, 21.44 MB]
+ summary_votes_governor_25_rep_share_lm_conformal_ dispatched
✔ model_votes_governor_25_dem_precinct_total_lm_conformal_ completed [3.2s, 20.77 MB]
+ summary_votes_governor_25_dem_precinct_total_lm_conformal_ dispatched
✔ summary_votes_governor_25_rep_share_lm_conformal_ completed [3ms, 508 B]
+ model_votes_governor_25_rep_precinct_total_lm_conformal__1 dispatched
✔ summary_votes_governor_25_dem_precinct_total_lm_conformal_ completed [3ms, 512 B]
+ summary_VA_NA dispatched
✔ summary_VA_NA completed [343ms, 655 B]
+ model_votes_governor_25_dem_precinct_total_lm_conformal__1 dispatched
✔ tbl_cbs_NY_NA completed [7s, 142.33 kB]
+ model_votes_governor_25_rep_share_lm_conformal__1 dispatched
✔ model_votes_governor_25_rep_precinct_total_lm_conformal_ completed [2.6s, 20.56 MB]
+ summary_votes_governor_25_rep_precinct_total_lm_conformal_ dispatched
✔ summary_votes_governor_25_rep_precinct_total_lm_conformal_ completed [3ms, 511 B]
+ tbl_cbs_VA_NA dispatched
✔ model_votes_governor_25_rep_precinct_total_lm_conformal__1 completed [3s, 32.49 MB]
+ summary_votes_governor_25_rep_precinct_total_lm_conformal__1 dispatched
✔ summary_votes_governor_25_rep_precinct_total_lm_conformal__1 completed [4ms, 610 B]
+ model_votes_governor_25_rep_precinct_total_lm_conformal__2 dispatched
✔ model_votes_governor_25_dem_precinct_total_lm_conformal__1 completed [3.3s, 32.75 MB]
+ summary_votes_governor_25_dem_precinct_total_lm_conformal__1 dispatched
✔ summary_votes_governor_25_dem_precinct_total_lm_conformal__1 completed [4ms, 614 B]
+ model_votes_governor_25_dem_precinct_total_lm_conformal__2 dispatched
✔ model_votes_governor_25_rep_share_lm_conformal__1 completed [3.6s, 33.33 MB]
+ summary_votes_governor_25_rep_share_lm_conformal__1 dispatched
✔ summary_votes_governor_25_rep_share_lm_conformal__1 completed [4ms, 611 B]
+ model_votes_governor_25_rep_share_lm_conformal__2 dispatched
✔ model_votes_governor_25_rep_precinct_total_lm_conformal__2 completed [2.6s, 21.85 MB]
+ summary_votes_governor_25_rep_precinct_total_lm_conformal__2 dispatched
✔ summary_votes_governor_25_rep_precinct_total_lm_conformal__2 completed [3ms, 518 B]
+ model_turnout_lm_conformal__1 dispatched
✔ model_votes_governor_25_dem_precinct_total_lm_conformal__2 completed [2.4s, 22.05 MB]
+ summary_votes_governor_25_dem_precinct_total_lm_conformal__2 dispatched
✔ summary_votes_governor_25_dem_precinct_total_lm_conformal__2 completed [4ms, 518 B]
+ model_turnout_lm_conformal__2 dispatched
✔ model_votes_governor_25_rep_share_lm_conformal__2 completed [2.4s, 22.61 MB]
+ summary_votes_governor_25_rep_share_lm_conformal__2 dispatched
✔ summary_votes_governor_25_rep_share_lm_conformal__2 completed [5ms, 516 B]
+ model_votes_governor_25_dem_share_lm_conformal__1 dispatched
✔ model_turnout_lm_conformal__1 completed [2.7s, 32.79 MB]
+ summary_turnout_lm_conformal__1 dispatched
✔ model_turnout_lm_conformal__2 completed [2.3s, 21.95 MB]
+ summary_turnout_lm_conformal__2 dispatched
✔ summary_turnout_lm_conformal__1 completed [3ms, 587 B]
+ model_votes_governor_25_dem_share_lm_conformal__2 dispatched
✔ summary_turnout_lm_conformal__2 completed [4ms, 494 B]
+ model_turnout_lm_conformal_ dispatched
✔ tbl_cbs_VA_NA completed [14.6s, 184.26 kB]
✔ model_votes_governor_25_dem_share_lm_conformal__1 completed [2.5s, 33.48 MB]
+ summary_votes_governor_25_dem_share_lm_conformal__1 dispatched
✔ summary_votes_governor_25_dem_share_lm_conformal__1 completed [3ms, 608 B]
✔ model_votes_governor_25_dem_share_lm_conformal__2 completed [2.4s, 22.76 MB]
+ summary_votes_governor_25_dem_share_lm_conformal__2 dispatched
✔ model_turnout_lm_conformal_ completed [2.4s, 20.84 MB]
+ summary_turnout_lm_conformal_ dispatched
✔ summary_votes_governor_25_dem_share_lm_conformal__2 completed [4ms, 516 B]
✔ summary_turnout_lm_conformal_ completed [4ms, 486 B]
+ models_summary dispatched
✔ models_summary completed [1ms, 2.22 kB]
+ save_summaries dispatched
✔ save_summaries completed [2ms, 43 B]
+ dashboard dispatched
✔ dashboard completed [22.8s, 16.51 MB]
+ upload dispatched
✔ upload completed [2.1s, 46 B]
✔ ended pipeline [1m 16s, 42 completed, 4 skipped]
Warning message:
1 targets produced warnings. Run targets::tar_meta(fields = warnings, complete_only = TRUE) for the messages. 
