2025-11-04 21:41:16: Running tar_make
- The project is out-of-sync -- use `renv::status()` for details.
+ timestamp_VA_NA dispatched
+ timestamp_NY_NA dispatched
✔ timestamp_VA_NA completed [2s, 71 B]
+ data_VA_NA dispatched
✔ timestamp_NY_NA completed [1.8s, 69 B]
+ data_NY_NA dispatched
✔ data_NY_NA completed [8.1s, 78.31 kB]
+ summary_NY_NA dispatched
+ tbl_cbs_NY_NA dispatched
✔ summary_NY_NA completed [103ms, 186 B]
✔ data_VA_NA completed [13.4s, 666.18 kB]
+ model_votes_governor_25_dem_share_lm_conformal_ dispatched
+ tbl_cbs_NY_NA dispatched
+ model_votes_governor_25_rep_share_lm_conformal_ dispatched
+ model_votes_governor_25_dem_precinct_total_lm_conformal_ dispatched
✔ model_votes_governor_25_dem_share_lm_conformal_ completed [3s, 20.95 MB]
+ summary_votes_governor_25_dem_share_lm_conformal_ dispatched
✔ summary_votes_governor_25_dem_share_lm_conformal_ completed [3ms, 508 B]
+ model_votes_governor_25_rep_precinct_total_lm_conformal_ dispatched
✔ model_votes_governor_25_rep_share_lm_conformal_ completed [2.9s, 20.76 MB]
+ summary_votes_governor_25_rep_share_lm_conformal_ dispatched
✔ model_votes_governor_25_dem_precinct_total_lm_conformal_ completed [2.9s, 20.16 MB]
+ summary_votes_governor_25_dem_precinct_total_lm_conformal_ dispatched
✔ summary_votes_governor_25_rep_share_lm_conformal_ completed [5ms, 509 B]
+ model_votes_governor_25_rep_precinct_total_lm_conformal__1 dispatched
✔ summary_votes_governor_25_dem_precinct_total_lm_conformal_ completed [4ms, 512 B]
+ summary_VA_NA dispatched
✔ summary_VA_NA completed [292ms, 662 B]
+ model_votes_governor_25_dem_precinct_total_lm_conformal__1 dispatched
✔ model_votes_governor_25_rep_precinct_total_lm_conformal_ completed [2.3s, 19.96 MB]
+ summary_votes_governor_25_rep_precinct_total_lm_conformal_ dispatched
✔ tbl_cbs_NY_NA completed [7s, 141.10 kB]
+ model_votes_governor_25_rep_share_lm_conformal__1 dispatched
✔ summary_votes_governor_25_rep_precinct_total_lm_conformal_ completed [4ms, 511 B]
+ tbl_cbs_VA_NA dispatched
✔ model_votes_governor_25_rep_precinct_total_lm_conformal__1 completed [2.6s, 31.39 MB]
+ summary_votes_governor_25_rep_precinct_total_lm_conformal__1 dispatched
✔ summary_votes_governor_25_rep_precinct_total_lm_conformal__1 completed [4ms, 608 B]
+ model_votes_governor_25_rep_precinct_total_lm_conformal__2 dispatched
✔ model_votes_governor_25_dem_precinct_total_lm_conformal__1 completed [2.9s, 31.62 MB]
+ summary_votes_governor_25_dem_precinct_total_lm_conformal__1 dispatched
✔ summary_votes_governor_25_dem_precinct_total_lm_conformal__1 completed [4ms, 611 B]
+ model_votes_governor_25_dem_precinct_total_lm_conformal__2 dispatched
✔ model_votes_governor_25_rep_share_lm_conformal__1 completed [3.2s, 32.14 MB]
+ summary_votes_governor_25_rep_share_lm_conformal__1 dispatched
✔ summary_votes_governor_25_rep_share_lm_conformal__1 completed [4ms, 610 B]
+ model_votes_governor_25_rep_share_lm_conformal__2 dispatched
✔ model_votes_governor_25_rep_precinct_total_lm_conformal__2 completed [2.6s, 21.23 MB]
+ summary_votes_governor_25_rep_precinct_total_lm_conformal__2 dispatched
✔ summary_votes_governor_25_rep_precinct_total_lm_conformal__2 completed [3ms, 517 B]
+ model_turnout_lm_conformal__1 dispatched
✔ model_votes_governor_25_dem_precinct_total_lm_conformal__2 completed [2.5s, 21.41 MB]
+ summary_votes_governor_25_dem_precinct_total_lm_conformal__2 dispatched
✔ summary_votes_governor_25_dem_precinct_total_lm_conformal__2 completed [4ms, 520 B]
+ model_turnout_lm_conformal__2 dispatched
✔ model_votes_governor_25_rep_share_lm_conformal__2 completed [2.4s, 21.92 MB]
+ summary_votes_governor_25_rep_share_lm_conformal__2 dispatched
✔ summary_votes_governor_25_rep_share_lm_conformal__2 completed [4ms, 516 B]
+ model_votes_governor_25_dem_share_lm_conformal__1 dispatched
✔ model_turnout_lm_conformal__1 completed [2.5s, 31.66 MB]
+ summary_turnout_lm_conformal__1 dispatched
✔ model_turnout_lm_conformal__2 completed [2.3s, 21.30 MB]
+ summary_turnout_lm_conformal__2 dispatched
✔ summary_turnout_lm_conformal__1 completed [4ms, 588 B]
+ model_votes_governor_25_dem_share_lm_conformal__2 dispatched
✔ summary_turnout_lm_conformal__2 completed [4ms, 494 B]
+ model_turnout_lm_conformal_ dispatched
✔ tbl_cbs_VA_NA completed [13.5s, 182.93 kB]
✔ model_votes_governor_25_dem_share_lm_conformal__1 completed [2.4s, 32.29 MB]
+ summary_votes_governor_25_dem_share_lm_conformal__1 dispatched
✔ summary_votes_governor_25_dem_share_lm_conformal__1 completed [4ms, 611 B]
✔ model_turnout_lm_conformal_ completed [2.4s, 20.21 MB]
+ summary_turnout_lm_conformal_ dispatched
✔ model_votes_governor_25_dem_share_lm_conformal__2 completed [2.5s, 22.06 MB]
+ summary_votes_governor_25_dem_share_lm_conformal__2 dispatched
✔ summary_votes_governor_25_dem_share_lm_conformal__2 completed [3ms, 516 B]
✔ summary_turnout_lm_conformal_ completed [3ms, 485 B]
+ models_summary dispatched
✔ models_summary completed [1ms, 2.22 kB]
+ save_summaries dispatched
✔ save_summaries completed [1ms, 43 B]
+ dashboard dispatched
✔ dashboard completed [22.8s, 16.44 MB]
+ upload dispatched
✔ upload completed [1.5s, 46 B]
✔ ended pipeline [1m 13.5s, 42 completed, 4 skipped]
Warning message:
1 targets produced warnings. Run targets::tar_meta(fields = warnings, complete_only = TRUE) for the messages. 
