2025-11-04 21:08:06: Running tar_make
- The project is out-of-sync -- use `renv::status()` for details.
+ timestamp_VA_NA dispatched
+ timestamp_NY_NA dispatched
✔ timestamp_VA_NA completed [2.1s, 69 B]
+ data_VA_NA dispatched
✔ timestamp_NY_NA completed [2s, 69 B]
+ data_NY_NA dispatched
✔ data_NY_NA completed [11s, 77.03 kB]
+ summary_NY_NA dispatched
+ tbl_cbs_NY_NA dispatched
✔ summary_NY_NA completed [121ms, 150 B]
✔ data_VA_NA completed [14.5s, 659.17 kB]
+ model_votes_governor_25_dem_share_lm_conformal_ dispatched
+ model_votes_governor_25_rep_share_lm_conformal_ dispatched
+ model_votes_governor_25_dem_precinct_total_lm_conformal_ dispatched
✔ tbl_cbs_NY_NA completed [7.4s, 132.49 kB]
+ model_votes_governor_25_rep_precinct_total_lm_conformal_ dispatched
✔ model_votes_governor_25_dem_share_lm_conformal_ completed [2.7s, 19.81 MB]
+ summary_votes_governor_25_dem_share_lm_conformal_ dispatched
✔ summary_votes_governor_25_dem_share_lm_conformal_ completed [3ms, 507 B]
+ model_votes_governor_25_rep_precinct_total_lm_conformal__1 dispatched
✔ model_votes_governor_25_rep_share_lm_conformal_ completed [3s, 19.58 MB]
+ summary_votes_governor_25_rep_share_lm_conformal_ dispatched
✔ summary_votes_governor_25_rep_share_lm_conformal_ completed [6ms, 507 B]
+ summary_VA_NA dispatched
✔ summary_VA_NA completed [496ms, 656 B]
+ model_votes_governor_25_dem_precinct_total_lm_conformal__1 dispatched
✔ model_votes_governor_25_rep_precinct_total_lm_conformal_ completed [3s, 18.91 MB]
+ summary_votes_governor_25_rep_precinct_total_lm_conformal_ dispatched
✔ summary_votes_governor_25_rep_precinct_total_lm_conformal_ completed [4ms, 510 B]
+ model_votes_governor_25_rep_share_lm_conformal__1 dispatched
✔ model_votes_governor_25_dem_precinct_total_lm_conformal_ completed [3s, 19.14 MB]
+ summary_votes_governor_25_dem_precinct_total_lm_conformal_ dispatched
✔ model_votes_governor_25_rep_precinct_total_lm_conformal__1 completed [2.8s, 29.46 MB]
+ summary_votes_governor_25_rep_precinct_total_lm_conformal__1 dispatched
✔ summary_votes_governor_25_dem_precinct_total_lm_conformal_ completed [3ms, 510 B]
+ tbl_cbs_VA_NA dispatched
✔ summary_votes_governor_25_rep_precinct_total_lm_conformal__1 completed [3ms, 611 B]
+ model_votes_governor_25_rep_precinct_total_lm_conformal__2 dispatched
✔ model_votes_governor_25_dem_precinct_total_lm_conformal__1 completed [2.7s, 29.69 MB]
+ summary_votes_governor_25_dem_precinct_total_lm_conformal__1 dispatched
✔ summary_votes_governor_25_dem_precinct_total_lm_conformal__1 completed [4ms, 613 B]
+ model_votes_governor_25_dem_precinct_total_lm_conformal__2 dispatched
✔ model_votes_governor_25_rep_share_lm_conformal__1 completed [2.7s, 30.11 MB]
+ summary_votes_governor_25_rep_share_lm_conformal__1 dispatched
✔ model_votes_governor_25_rep_precinct_total_lm_conformal__2 completed [2.6s, 20.12 MB]
+ summary_votes_governor_25_rep_precinct_total_lm_conformal__2 dispatched
✔ summary_votes_governor_25_rep_share_lm_conformal__1 completed [5ms, 613 B]
+ model_votes_governor_25_rep_share_lm_conformal__2 dispatched
✔ summary_votes_governor_25_rep_precinct_total_lm_conformal__2 completed [3ms, 517 B]
+ model_turnout_lm_conformal__1 dispatched
✔ model_votes_governor_25_dem_precinct_total_lm_conformal__2 completed [2.4s, 20.30 MB]
+ summary_votes_governor_25_dem_precinct_total_lm_conformal__2 dispatched
✔ summary_votes_governor_25_dem_precinct_total_lm_conformal__2 completed [6ms, 518 B]
+ model_turnout_lm_conformal__2 dispatched
✔ model_votes_governor_25_rep_share_lm_conformal__2 completed [2.5s, 20.70 MB]
+ summary_votes_governor_25_rep_share_lm_conformal__2 dispatched
✔ summary_votes_governor_25_rep_share_lm_conformal__2 completed [3ms, 515 B]
+ model_votes_governor_25_dem_share_lm_conformal__1 dispatched
✔ model_turnout_lm_conformal__1 completed [2.8s, 29.69 MB]
+ summary_turnout_lm_conformal__1 dispatched
✔ summary_turnout_lm_conformal__1 completed [4ms, 587 B]
+ model_votes_governor_25_dem_share_lm_conformal__2 dispatched
✔ model_turnout_lm_conformal__2 completed [2.5s, 20.16 MB]
+ summary_turnout_lm_conformal__2 dispatched
✔ summary_turnout_lm_conformal__2 completed [6ms, 492 B]
+ model_turnout_lm_conformal_ dispatched
✔ tbl_cbs_VA_NA completed [13.9s, 180.44 kB]
✔ model_votes_governor_25_dem_share_lm_conformal__1 completed [2.7s, 30.24 MB]
+ summary_votes_governor_25_dem_share_lm_conformal__1 dispatched

Execution halted
