2025-11-05 15:12:32: Running tar_make
- The project is out-of-sync -- use `renv::status()` for details.
+ timestamp_VA_NA dispatched
✔ timestamp_VA_NA completed [1.8s, 69 B]
+ data_VA_NA dispatched
✔ data_VA_NA completed [13s, 685.82 kB]
+ model_votes_governor_25_rep_share_lm_conformal__2 dispatched
✔ model_votes_governor_25_rep_share_lm_conformal__2 completed [2.3s, 24.45 MB]
+ summary_votes_governor_25_rep_share_lm_conformal__2 dispatched
✔ summary_votes_governor_25_rep_share_lm_conformal__2 completed [3ms, 514 B]
+ timestamp_NY_NA dispatched
✔ timestamp_NY_NA completed [64ms, 71 B]
+ model_votes_governor_25_dem_precinct_total_lm_conformal_ dispatched
✔ model_votes_governor_25_dem_precinct_total_lm_conformal_ completed [2s, 22.21 MB]
+ summary_votes_governor_25_dem_precinct_total_lm_conformal_ dispatched
✔ summary_votes_governor_25_dem_precinct_total_lm_conformal_ completed [3ms, 510 B]
+ summary_VA_NA dispatched
✔ summary_VA_NA completed [282ms, 710 B]
+ model_turnout_lm_conformal_ dispatched
✔ model_turnout_lm_conformal_ completed [1.9s, 22.33 MB]
+ summary_turnout_lm_conformal_ dispatched
✔ summary_turnout_lm_conformal_ completed [36ms, 483 B]
+ model_votes_governor_25_rep_share_lm_conformal_ dispatched
✔ model_votes_governor_25_rep_share_lm_conformal_ completed [1.8s, 23.13 MB]
+ summary_votes_governor_25_rep_share_lm_conformal_ dispatched
✔ summary_votes_governor_25_rep_share_lm_conformal_ completed [3ms, 507 B]
+ model_turnout_lm_conformal__1 dispatched
✔ model_turnout_lm_conformal__1 completed [2.2s, 35.63 MB]
+ summary_turnout_lm_conformal__1 dispatched
✔ summary_turnout_lm_conformal__1 completed [3ms, 588 B]
+ model_turnout_lm_conformal__2 dispatched
✔ model_turnout_lm_conformal__2 completed [1.8s, 23.56 MB]
+ summary_turnout_lm_conformal__2 dispatched
✔ summary_turnout_lm_conformal__2 completed [3ms, 491 B]
+ tbl_cbs_VA_NA dispatched
✔ tbl_cbs_VA_NA completed [10.7s, 190.07 kB]
+ corymodel dispatched
✖ corymodel errored
Error: object 'm_simple_pres' not found

+ model_votes_governor_25_dem_precinct_total_lm_conformal__1 dispatched
✔ model_votes_governor_25_dem_precinct_total_lm_conformal__1 completed [2.1s, 35.57 MB]
+ summary_votes_governor_25_dem_precinct_total_lm_conformal__1 dispatched
✔ summary_votes_governor_25_dem_precinct_total_lm_conformal__1 completed [3ms, 610 B]
+ model_votes_governor_25_dem_precinct_total_lm_conformal__2 dispatched
✔ model_votes_governor_25_dem_precinct_total_lm_conformal__2 completed [1.8s, 23.66 MB]
+ summary_votes_governor_25_dem_precinct_total_lm_conformal__2 dispatched
✔ summary_votes_governor_25_dem_precinct_total_lm_conformal__2 completed [3ms, 517 B]
+ model_votes_governor_25_dem_share_lm_conformal__1 dispatched
✔ model_votes_governor_25_dem_share_lm_conformal__1 completed [2s, 36.60 MB]
+ summary_votes_governor_25_dem_share_lm_conformal__1 dispatched
✔ summary_votes_governor_25_dem_share_lm_conformal__1 completed [3ms, 604 B]
+ model_votes_governor_25_dem_share_lm_conformal_ dispatched
✔ model_votes_governor_25_dem_share_lm_conformal_ completed [1.8s, 23.31 MB]
+ summary_votes_governor_25_dem_share_lm_conformal_ dispatched
✔ summary_votes_governor_25_dem_share_lm_conformal_ completed [3ms, 507 B]
+ model_votes_governor_25_dem_share_lm_conformal__2 dispatched
✔ model_votes_governor_25_dem_share_lm_conformal__2 completed [1.8s, 24.63 MB]
+ summary_votes_governor_25_dem_share_lm_conformal__2 dispatched
✔ summary_votes_governor_25_dem_share_lm_conformal__2 completed [3ms, 513 B]
+ model_votes_governor_25_rep_precinct_total_lm_conformal__1 dispatched
✔ model_votes_governor_25_rep_precinct_total_lm_conformal__1 completed [2s, 35.26 MB]
+ summary_votes_governor_25_rep_precinct_total_lm_conformal__1 dispatched
✔ summary_votes_governor_25_rep_precinct_total_lm_conformal__1 completed [3ms, 609 B]
+ model_votes_governor_25_rep_precinct_total_lm_conformal__2 dispatched
✔ model_votes_governor_25_rep_precinct_total_lm_conformal__2 completed [2.2s, 23.42 MB]
+ summary_votes_governor_25_rep_precinct_total_lm_conformal__2 dispatched
✔ summary_votes_governor_25_rep_precinct_total_lm_conformal__2 completed [3ms, 518 B]
+ model_votes_governor_25_rep_precinct_total_lm_conformal_ dispatched
✔ model_votes_governor_25_rep_precinct_total_lm_conformal_ completed [1.8s, 21.98 MB]
+ summary_votes_governor_25_rep_precinct_total_lm_conformal_ dispatched
✔ summary_votes_governor_25_rep_precinct_total_lm_conformal_ completed [2ms, 511 B]
+ model_votes_governor_25_rep_share_lm_conformal__1 dispatched
✔ model_votes_governor_25_rep_share_lm_conformal__1 completed [2s, 36.41 MB]
+ summary_votes_governor_25_rep_share_lm_conformal__1 dispatched
✔ summary_votes_governor_25_rep_share_lm_conformal__1 completed [2ms, 605 B]
+ models_summary dispatched
✔ models_summary completed [0ms, 2.20 kB]
+ save_summaries dispatched
✔ save_summaries completed [1ms, 43 B]
+ dashboard dispatched
✔ dashboard completed [18.9s, 16.72 MB]
+ upload dispatched
✔ upload completed [542ms, 46 B]
✖ errored pipeline [1m 57.3s, 39 completed, 7 skipped]
