2025-11-04 22:31:30: Running tar_make
- The project is out-of-sync -- use `renv::status()` for details.
+ timestamp_VA_NA dispatched
+ timestamp_NY_NA dispatched
✔ timestamp_NY_NA completed [1.8s, 71 B]
✔ timestamp_VA_NA completed [2.1s, 71 B]
+ data_VA_NA dispatched
✔ data_VA_NA completed [14.7s, 668.66 kB]
+ model_votes_governor_25_dem_share_lm_conformal_ dispatched
+ model_votes_governor_25_rep_share_lm_conformal_ dispatched
+ model_votes_governor_25_dem_precinct_total_lm_conformal_ dispatched
+ model_votes_governor_25_rep_precinct_total_lm_conformal_ dispatched
✔ model_votes_governor_25_dem_share_lm_conformal_ completed [2.7s, 21.90 MB]
+ summary_votes_governor_25_dem_share_lm_conformal_ dispatched
✔ model_votes_governor_25_rep_share_lm_conformal_ completed [3s, 21.74 MB]
+ summary_votes_governor_25_rep_share_lm_conformal_ dispatched
✔ summary_votes_governor_25_dem_share_lm_conformal_ completed [3ms, 504 B]
+ model_votes_governor_25_rep_precinct_total_lm_conformal__1 dispatched
✔ summary_votes_governor_25_rep_share_lm_conformal_ completed [5ms, 505 B]
+ summary_VA_NA dispatched
✔ summary_VA_NA completed [351ms, 658 B]
+ model_votes_governor_25_dem_precinct_total_lm_conformal__1 dispatched
✔ model_votes_governor_25_dem_precinct_total_lm_conformal_ completed [3s, 21.05 MB]
+ summary_votes_governor_25_dem_precinct_total_lm_conformal_ dispatched
✔ model_votes_governor_25_rep_precinct_total_lm_conformal_ completed [3.1s, 20.83 MB]
+ summary_votes_governor_25_rep_precinct_total_lm_conformal_ dispatched
✔ summary_votes_governor_25_dem_precinct_total_lm_conformal_ completed [4ms, 510 B]
+ model_votes_governor_25_rep_share_lm_conformal__1 dispatched
✔ summary_votes_governor_25_rep_precinct_total_lm_conformal_ completed [4ms, 511 B]
+ tbl_cbs_VA_NA dispatched
✔ model_votes_governor_25_rep_precinct_total_lm_conformal__1 completed [2.9s, 33.00 MB]
+ summary_votes_governor_25_rep_precinct_total_lm_conformal__1 dispatched
✔ summary_votes_governor_25_rep_precinct_total_lm_conformal__1 completed [6ms, 608 B]
+ model_votes_governor_25_rep_precinct_total_lm_conformal__2 dispatched
✔ model_votes_governor_25_dem_precinct_total_lm_conformal__1 completed [2.8s, 33.25 MB]
+ summary_votes_governor_25_dem_precinct_total_lm_conformal__1 dispatched
✔ summary_votes_governor_25_dem_precinct_total_lm_conformal__1 completed [3ms, 613 B]
+ model_votes_governor_25_dem_precinct_total_lm_conformal__2 dispatched
✔ model_votes_governor_25_rep_share_lm_conformal__1 completed [2.6s, 33.85 MB]
+ summary_votes_governor_25_rep_share_lm_conformal__1 dispatched
✔ model_votes_governor_25_rep_precinct_total_lm_conformal__2 completed [2.4s, 22.14 MB]
+ summary_votes_governor_25_rep_precinct_total_lm_conformal__2 dispatched
✔ summary_votes_governor_25_rep_share_lm_conformal__1 completed [4ms, 606 B]
+ model_votes_governor_25_rep_share_lm_conformal__2 dispatched
✔ summary_votes_governor_25_rep_precinct_total_lm_conformal__2 completed [3ms, 518 B]
+ model_turnout_lm_conformal__1 dispatched
✔ model_votes_governor_25_dem_precinct_total_lm_conformal__2 completed [2.3s, 22.33 MB]
+ summary_votes_governor_25_dem_precinct_total_lm_conformal__2 dispatched
✔ summary_votes_governor_25_dem_precinct_total_lm_conformal__2 completed [3ms, 518 B]
+ model_turnout_lm_conformal__2 dispatched
✔ model_votes_governor_25_rep_share_lm_conformal__2 completed [2.4s, 22.92 MB]
+ summary_votes_governor_25_rep_share_lm_conformal__2 dispatched
✔ summary_votes_governor_25_rep_share_lm_conformal__2 completed [3ms, 513 B]
+ model_votes_governor_25_dem_share_lm_conformal__1 dispatched
✔ model_turnout_lm_conformal__1 completed [2.6s, 33.29 MB]
+ summary_turnout_lm_conformal__1 dispatched
✔ model_turnout_lm_conformal__2 completed [2.3s, 22.23 MB]
+ summary_turnout_lm_conformal__2 dispatched
✔ summary_turnout_lm_conformal__1 completed [4ms, 585 B]
+ model_votes_governor_25_dem_share_lm_conformal__2 dispatched
✔ summary_turnout_lm_conformal__2 completed [4ms, 491 B]
+ model_turnout_lm_conformal_ dispatched
✔ model_votes_governor_25_dem_share_lm_conformal__1 completed [2.3s, 33.99 MB]
+ summary_votes_governor_25_dem_share_lm_conformal__1 dispatched
✔ summary_votes_governor_25_dem_share_lm_conformal__1 completed [4ms, 603 B]
✔ model_votes_governor_25_dem_share_lm_conformal__2 completed [2.3s, 23.07 MB]
+ summary_votes_governor_25_dem_share_lm_conformal__2 dispatched
✔ model_turnout_lm_conformal_ completed [2.3s, 21.12 MB]
+ summary_turnout_lm_conformal_ dispatched
✔ summary_votes_governor_25_dem_share_lm_conformal__2 completed [3ms, 513 B]
✔ summary_turnout_lm_conformal_ completed [4ms, 483 B]
+ models_summary dispatched
✔ models_summary completed [1ms, 2.21 kB]
+ save_summaries dispatched
✔ save_summaries completed [2ms, 43 B]
+ dashboard dispatched
✔ tbl_cbs_VA_NA completed [15.5s, 184.79 kB]
✖ dashboard errored
Error: ! Error running quarto CLI from R.
Caused by error:
✖ Error returned by quarto CLI.
  -----------------------------
  - The project is out-of-sync -- use `renv::status()` for details.
  
  
  processing file: index.qmd
  1/60
  2/60 [r-setup]
  3/60
  4/60 [va_summary]
  5/60
  6/60 [unnamed-chunk-1]
  7/60
  8/60 [unnamed-chunk-2]
  9/60
  10/60 [unnamed-chunk-3]
  11/60
  12/60 [unnamed-chunk-4]
  13/60
  14/60 [unnamed-chunk-5]
  15/60
  16/60 [unnamed-chunk-6]
  17/60
  18/60 [unnamed-chunk-7]
  19/60
  20/60 [unnamed-chunk-8]
  21/60
  22/60 [unnamed-chunk-9]
  23/60
  24/60 [unnamed-chunk-10]
  25/60
  26/60 [unnamed-chunk-11]
  27/60
  28/60 [unnamed-chunk-12]
  29/60
  30/60 [unnamed-chunk-13]
  31/60
  32/60 [unnamed-chunk-14]
  33/60
  34/60 [unnamed-chunk-15]
  35/60
  36/60 [unnamed-chunk-16]
  37/60
  38/60 [setup]
  39/60
  40/60 [ctrl-prec]
  41/60
  42/60 [prec1]
  43/60
  44/60 [unnamed-chunk-17]
  45/60
  46/60 [unnamed-chunk-18]
  47/60
  48/60 [unnamed-chunk-19]
  49/60
  50/60 [unnamed-chunk-20]
  51/60
  52/60 [unnamed-chunk-21]
  53/60
  54/60 [unnamed-chunk-22]
  55/60
  56/60 [unnamed-chunk-23]
  [31mError in `geom_text()`:[39m
  ! Problem while computing stat.
  ℹ Error occurred in the 6th layer.
  Caused by error in `seq_len()`:
  ! argument must be coercible to non-negative integer
  Backtrace:
  ▆
  1. ├─global .main()
  2. │ └─execute(...)
  3. │ └─rmarkdown::render(...)
  4. │ └─knitr::knit(knit_input, knit_output, envir = envir, quiet = quiet)
  5. │ └─knitr:::process_file(text, output)
  6. │ ├─xfun:::handle_error(...)
  7. │ ├─base::withCallingHandlers(...)
  8. │ └─knitr:::process_group(group)
  9. │ └─knitr:::call_block(x)
  10. │ └─knitr:::block_exec(params)
  11. │ └─knitr:::eng_r(options)
  12. │ ├─knitr:::in_input_dir(...)
  13. │ │ └─knitr:::in_dir(input_dir(), expr)
  14. │ └─knitr (local) evaluate(...)
  15. │ └─evaluate::evaluate(...)
  16. │ ├─base::withRestarts(...)
  17. │ │ └─base (local) withRestartList(expr, restarts)
  18. │ │ ├─base (local) withOneRestart(with

✖ errored pipeline [1m 3.6s, 37 completed, 8 skipped]
