2025-11-05 14:52:32: Running tar_make
- The project is out-of-sync -- use `renv::status()` for details.
+ timestamp_VA_NA dispatched
✔ timestamp_VA_NA completed [1.9s, 69 B]
+ data_VA_NA dispatched
✖ data_VA_NA errored
Error: parse error: premature EOF
                                       
                     (right here) ------^


+ model_votes_governor_25_rep_share_lm_conformal__2 dispatched
✖ model_votes_governor_25_rep_share_lm_conformal__2 errored
Error: could not load dependency data_VA_NA of target model_votes_governor_25_rep_share_lm_conformal__2. invalid 'description' argument

+ timestamp_NY_NA dispatched
✔ timestamp_NY_NA completed [58ms, 71 B]
+ model_votes_governor_25_dem_precinct_total_lm_conformal_ dispatched
✖ model_votes_governor_25_dem_precinct_total_lm_conformal_ errored
Error: could not load dependency data_VA_NA of target model_votes_governor_25_dem_precinct_total_lm_conformal_. invalid 'description' argument

+ summary_VA_NA dispatched
✖ summary_VA_NA errored
Error: could not load dependency data_VA_NA of target summary_VA_NA. invalid 'description' argument

+ model_turnout_lm_conformal_ dispatched
✖ model_turnout_lm_conformal_ errored
Error: could not load dependency data_VA_NA of target model_turnout_lm_conformal_. invalid 'description' argument

+ model_votes_governor_25_rep_share_lm_conformal_ dispatched
✖ model_votes_governor_25_rep_share_lm_conformal_ errored
Error: could not load dependency data_VA_NA of target model_votes_governor_25_rep_share_lm_conformal_. invalid 'description' argument

+ model_turnout_lm_conformal__1 dispatched
✖ model_turnout_lm_conformal__1 errored
Error: could not load dependency data_VA_NA of target model_turnout_lm_conformal__1. invalid 'description' argument

+ model_turnout_lm_conformal__2 dispatched
✖ model_turnout_lm_conformal__2 errored
Error: could not load dependency data_VA_NA of target model_turnout_lm_conformal__2. invalid 'description' argument

+ tbl_cbs_VA_NA dispatched
✖ tbl_cbs_VA_NA errored
Error: could not load dependency data_VA_NA of target tbl_cbs_VA_NA. invalid 'description' argument

+ corymodel dispatched
✖ corymodel errored
Error: could not load dependency data_VA_NA of target corymodel. invalid 'description' argument

+ model_votes_governor_25_dem_precinct_total_lm_conformal__1 dispatched
✖ model_votes_governor_25_dem_precinct_total_lm_conformal__1 errored
Error: could not load dependency data_VA_NA of target model_votes_governor_25_dem_precinct_total_lm_conformal__1. invalid 'description' argument

+ model_votes_governor_25_dem_precinct_total_lm_conformal__2 dispatched
✖ model_votes_governor_25_dem_precinct_total_lm_conformal__2 errored
Error: could not load dependency data_VA_NA of target model_votes_governor_25_dem_precinct_total_lm_conformal__2. invalid 'description' argument

+ model_votes_governor_25_dem_share_lm_conformal__1 dispatched
✖ model_votes_governor_25_dem_share_lm_conformal__1 errored
Error: could not load dependency data_VA_NA of target model_votes_governor_25_dem_share_lm_conformal__1. invalid 'description' argument

+ model_votes_governor_25_dem_share_lm_conformal_ dispatched
✖ model_votes_governor_25_dem_share_lm_conformal_ errored
Error: could not load dependency data_VA_NA of target model_votes_governor_25_dem_share_lm_conformal_. invalid 'description' argument

+ model_votes_governor_25_dem_share_lm_conformal__2 dispatched
✖ model_votes_governor_25_dem_share_lm_conformal__2 errored
Error: could not load dependency data_VA_NA of target model_votes_governor_25_dem_share_lm_conformal__2. invalid 'description' argument

+ model_votes_governor_25_rep_precinct_total_lm_conformal__1 dispatched
✖ model_votes_governor_25_rep_precinct_total_lm_conformal__1 errored
Error: could not load dependency data_VA_NA of target model_votes_governor_25_rep_precinct_total_lm_conformal__1. invalid 'description' argument

+ model_votes_governor_25_rep_precinct_total_lm_conformal__2 dispatched
✖ model_votes_governor_25_rep_precinct_total_lm_conformal__2 errored
Error: could not load dependency data_VA_NA of target model_votes_governor_25_rep_precinct_total_lm_conformal__2. invalid 'description' argument

+ model_votes_governor_25_rep_precinct_total_lm_conformal_ dispatched
✖ model_votes_governor_25_rep_precinct_total_lm_conformal_ errored
Error: could not load dependency data_VA_NA of target model_votes_governor_25_rep_precinct_total_lm_conformal_. invalid 'description' argument

+ model_votes_governor_25_rep_share_lm_conformal__1 dispatched
✖ model_votes_governor_25_rep_share_lm_conformal__1 errored
Error: could not load dependency data_VA_NA of target model_votes_governor_25_rep_share_lm_conformal__1. invalid 'description' argument

+ save_summaries dispatched
✔ save_summaries completed [2ms, 43 B]
+ dashboard dispatched
✖ dashboard errored
Error: could not load dependency summary_VA_NA of target dashboard. invalid 'description' argument

✖ errored pipeline [7.2s, 3 completed, 24 skipped]
Warning message:
20 targets produced errors. Run targets::tar_meta(fields = error, complete_only = TRUE) for the messages. 
